2016-04-18 11:54:31,431 [INFO ][main            ][by.telecom.subapp.dao.GenericDao] - DAO - caused create()
2016-04-18 11:58:44,074 [INFO ][main            ][by.telecom.subapp.service.SubscriberService] - SERVICE - create Subscriber
2016-04-18 11:58:44,074 [INFO ][main            ][by.telecom.subapp.dao.GenericDao] - DAO - caused create()
2016-04-18 11:59:57,627 [INFO ][main            ][by.telecom.subapp.service.SubscriberService] - SERVICE - create Subscriber
2016-04-18 11:59:57,643 [INFO ][main            ][by.telecom.subapp.dao.GenericDao] - DAO - caused create()
2016-04-18 11:59:59,298 [INFO ][main            ][by.telecom.subapp.service.SubscriberService] - SERVICE - read Subscriber with id 92
2016-04-18 11:59:59,298 [INFO ][main            ][by.telecom.subapp.dao.GenericDao] - DAO - caused read() with id = 92
2016-04-18 12:16:01,851 [INFO ][main            ][by.telecom.subapp.service.SubscriberService] - SERVICE - create Subscriber
2016-04-18 12:16:01,851 [INFO ][main            ][by.telecom.subapp.dao.GenericDao] - DAO - caused create()
2016-04-18 12:16:02,727 [INFO ][main            ][by.telecom.subapp.service.SubscriberService] - SERVICE - read Subscriber with id 93
2016-04-18 12:16:02,727 [INFO ][main            ][by.telecom.subapp.dao.GenericDao] - DAO - caused read() with id = 93
2016-04-18 12:17:14,556 [INFO ][main            ][by.telecom.subapp.service.SubscriberService] - SERVICE - create Subscriber
2016-04-18 12:17:14,556 [INFO ][main            ][by.telecom.subapp.dao.GenericDao] - DAO - caused create()
2016-04-18 12:17:15,407 [INFO ][main            ][by.telecom.subapp.service.SubscriberService] - SERVICE - read Subscriber with id 94
2016-04-18 12:17:15,407 [INFO ][main            ][by.telecom.subapp.dao.GenericDao] - DAO - caused read() with id = 94
2016-04-18 12:19:52,290 [INFO ][main            ][by.telecom.subapp.service.SubscriberService] - SERVICE - create Subscriber
2016-04-18 12:19:52,290 [INFO ][main            ][by.telecom.subapp.dao.GenericDao] - DAO - caused create()
2016-04-18 12:19:52,977 [INFO ][main            ][by.telecom.subapp.service.SubscriberService] - SERVICE - read Subscriber with id 95
2016-04-18 12:19:52,977 [INFO ][main            ][by.telecom.subapp.dao.GenericDao] - DAO - caused read() with id = 95
2016-04-18 12:21:08,557 [INFO ][main            ][by.telecom.subapp.service.SubscriberService] - SERVICE - create Subscriber
2016-04-18 12:21:08,557 [INFO ][main            ][by.telecom.subapp.dao.GenericDao] - DAO - caused create()
2016-04-18 12:21:09,478 [INFO ][main            ][by.telecom.subapp.service.SubscriberService] - SERVICE - read Subscriber with id 96
2016-04-18 12:21:09,478 [INFO ][main            ][by.telecom.subapp.dao.GenericDao] - DAO - caused read() with id = 96
2016-04-18 12:22:05,193 [INFO ][main            ][by.telecom.subapp.service.SubscriberService] - SERVICE - create Subscriber
2016-04-18 12:22:05,193 [INFO ][main            ][by.telecom.subapp.dao.GenericDao] - DAO - caused create()
2016-04-18 12:22:06,068 [INFO ][main            ][by.telecom.subapp.service.SubscriberService] - SERVICE - read Subscriber with id 97
2016-04-18 12:22:06,068 [INFO ][main            ][by.telecom.subapp.dao.GenericDao] - DAO - caused read() with id = 97
2016-04-18 12:25:12,583 [INFO ][main            ][by.telecom.subapp.service.SubscriberService] - SERVICE - create Subscriber
2016-04-18 12:25:12,583 [INFO ][main            ][by.telecom.subapp.dao.GenericDao] - DAO - caused create()
2016-04-18 12:25:13,365 [INFO ][main            ][by.telecom.subapp.service.SubscriberService] - SERVICE - read Subscriber with id 98
2016-04-18 12:25:13,365 [INFO ][main            ][by.telecom.subapp.dao.GenericDao] - DAO - caused read() with id = 98
2016-04-18 12:26:05,960 [INFO ][main            ][by.telecom.subapp.service.SubscriberService] - SERVICE - create Subscriber
2016-04-18 12:26:05,960 [INFO ][main            ][by.telecom.subapp.dao.GenericDao] - DAO - caused create()
2016-04-18 12:26:06,585 [INFO ][main            ][by.telecom.subapp.service.SubscriberService] - SERVICE - read Subscriber with id 99
2016-04-18 12:26:06,585 [INFO ][main            ][by.telecom.subapp.dao.GenericDao] - DAO - caused read() with id = 99
2016-04-18 12:59:40,739 [INFO ][main            ][by.telecom.subapp.service.SubscriberService] - SERVICE - create Subscriber
2016-04-18 12:59:40,740 [INFO ][main            ][by.telecom.subapp.dao.GenericDao] - DAO - caused create()
2016-04-18 12:59:42,984 [INFO ][main            ][by.telecom.subapp.service.SubscriberService] - SERVICE - read Subscriber with id 100
2016-04-18 12:59:42,984 [INFO ][main            ][by.telecom.subapp.dao.GenericDao] - DAO - caused read() with id = 100
2016-04-18 13:26:10,178 [INFO ][main            ][by.telecom.subapp.service.SubscriberService] - SERVICE - create Subscriber
2016-04-18 13:26:10,178 [INFO ][main            ][by.telecom.subapp.dao.GenericDao] - DAO - caused create()
2016-04-18 13:26:11,208 [INFO ][main            ][by.telecom.subapp.service.SubscriberService] - SERVICE - read Subscriber with id 1
2016-04-18 13:26:11,208 [INFO ][main            ][by.telecom.subapp.dao.GenericDao] - DAO - caused read() with id = 1
2016-04-18 13:30:44,948 [INFO ][main            ][by.telecom.subapp.service.SubscriberService] - SERVICE - create Subscriber
2016-04-18 13:30:44,948 [INFO ][main            ][by.telecom.subapp.dao.GenericDao] - DAO - caused create()
2016-04-18 13:30:45,414 [INFO ][main            ][by.telecom.subapp.service.SubscriberService] - SERVICE - read Subscriber with id 1
2016-04-18 13:30:45,414 [INFO ][main            ][by.telecom.subapp.dao.GenericDao] - DAO - caused read() with id = 1
2016-04-18 16:16:35,013 [INFO ][main            ][by.telecom.subapp.service.PhoneService] - SERVICE - create Phone
2016-04-18 16:16:35,013 [INFO ][main            ][by.telecom.subapp.dao.GenericDao] - DAO - caused create()
2016-04-18 16:16:35,357 [INFO ][main            ][by.telecom.subapp.service.SubscriberService] - SERVICE - read Subscriber with id -567890
2016-04-18 16:16:35,357 [INFO ][main            ][by.telecom.subapp.dao.GenericDao] - DAO - caused read() with id = -567890
2016-04-18 16:16:35,591 [INFO ][main            ][by.telecom.subapp.service.LogService] - SERVICE - create Log
2016-04-18 16:16:35,591 [INFO ][main            ][by.telecom.subapp.dao.GenericDao] - DAO - caused create()
2016-04-18 16:16:35,607 [INFO ][main            ][by.telecom.subapp.dao.GenericDao] - DAO - caused getAll() with sort = user order = asc
2016-04-18 16:16:35,622 [INFO ][main            ][by.telecom.subapp.service.UserService] - SERVICE - create User
2016-04-18 16:16:35,622 [INFO ][main            ][by.telecom.subapp.dao.GenericDao] - DAO - caused create()
2016-04-18 16:16:35,622 [INFO ][main            ][by.telecom.subapp.service.UserService] - SERVICE - read User with id 1
2016-04-18 16:16:35,622 [INFO ][main            ][by.telecom.subapp.dao.GenericDao] - DAO - caused read() with id = 1
2016-04-18 16:16:35,653 [INFO ][main            ][by.telecom.subapp.service.SubscriberService] - SERVICE - create Subscriber
2016-04-18 16:16:35,653 [INFO ][main            ][by.telecom.subapp.dao.GenericDao] - DAO - caused create()
2016-04-18 16:16:35,669 [INFO ][main            ][by.telecom.subapp.service.SubscriberService] - SERVICE - read Subscriber with id 1
2016-04-18 16:16:35,669 [INFO ][main            ][by.telecom.subapp.dao.GenericDao] - DAO - caused read() with id = 1
2016-04-18 16:17:55,225 [INFO ][main            ][by.telecom.subapp.service.SubscriberService] - SERVICE - create Subscriber
2016-04-18 16:17:55,225 [INFO ][main            ][by.telecom.subapp.dao.GenericDao] - DAO - caused create()
2016-04-18 16:17:55,413 [INFO ][main            ][by.telecom.subapp.service.PhoneService] - SERVICE - create Phone
2016-04-18 16:17:55,413 [INFO ][main            ][by.telecom.subapp.dao.GenericDao] - DAO - caused create()
2016-04-18 16:17:55,433 [INFO ][main            ][by.telecom.subapp.service.PhoneService] - SERVICE - read Phone with id 1
2016-04-18 16:17:55,433 [INFO ][main            ][by.telecom.subapp.dao.GenericDao] - DAO - caused read() with id = 1
2016-04-18 16:17:55,531 [INFO ][main            ][by.telecom.subapp.service.SubscriberService] - SERVICE - read Subscriber with id -567890
2016-04-18 16:17:55,531 [INFO ][main            ][by.telecom.subapp.dao.GenericDao] - DAO - caused read() with id = -567890
2016-04-18 16:17:55,547 [INFO ][main            ][by.telecom.subapp.service.LogService] - SERVICE - create Log
2016-04-18 16:17:55,547 [INFO ][main            ][by.telecom.subapp.dao.GenericDao] - DAO - caused create()
2016-04-18 16:17:55,562 [INFO ][main            ][by.telecom.subapp.dao.GenericDao] - DAO - caused getAll() with sort = user order = asc
2016-04-18 16:17:55,562 [INFO ][main            ][by.telecom.subapp.service.UserService] - SERVICE - create User
2016-04-18 16:17:55,562 [INFO ][main            ][by.telecom.subapp.dao.GenericDao] - DAO - caused create()
2016-04-18 16:17:55,578 [INFO ][main            ][by.telecom.subapp.service.UserService] - SERVICE - read User with id 1
2016-04-18 16:17:55,578 [INFO ][main            ][by.telecom.subapp.dao.GenericDao] - DAO - caused read() with id = 1
2016-04-18 16:17:55,625 [INFO ][main            ][by.telecom.subapp.service.SubscriberService] - SERVICE - create Subscriber
2016-04-18 16:17:55,625 [INFO ][main            ][by.telecom.subapp.dao.GenericDao] - DAO - caused create()
2016-04-18 16:17:55,640 [INFO ][main            ][by.telecom.subapp.service.SubscriberService] - SERVICE - read Subscriber with id 2
2016-04-18 16:17:55,640 [INFO ][main            ][by.telecom.subapp.dao.GenericDao] - DAO - caused read() with id = 2
2016-04-18 16:21:53,203 [INFO ][main            ][by.telecom.subapp.service.SubscriberService] - SERVICE - create Subscriber
2016-04-18 16:21:53,203 [INFO ][main            ][by.telecom.subapp.dao.GenericDao] - DAO - caused create()
2016-04-18 16:21:53,869 [INFO ][main            ][by.telecom.subapp.service.PhoneService] - SERVICE - create Phone
2016-04-18 16:21:53,884 [INFO ][main            ][by.telecom.subapp.dao.GenericDao] - DAO - caused create()
2016-04-18 16:21:53,884 [INFO ][main            ][by.telecom.subapp.service.PhoneService] - SERVICE - read Phone with id 1
2016-04-18 16:21:53,884 [INFO ][main            ][by.telecom.subapp.dao.GenericDao] - DAO - caused read() with id = 1
2016-04-18 16:21:54,102 [INFO ][main            ][by.telecom.subapp.service.SubscriberService] - SERVICE - read Subscriber with id -567890
2016-04-18 16:21:54,102 [INFO ][main            ][by.telecom.subapp.dao.GenericDao] - DAO - caused read() with id = -567890
2016-04-18 16:21:54,102 [INFO ][main            ][by.telecom.subapp.service.LogService] - SERVICE - create Log
2016-04-18 16:21:54,102 [INFO ][main            ][by.telecom.subapp.dao.GenericDao] - DAO - caused create()
2016-04-18 16:21:54,118 [INFO ][main            ][by.telecom.subapp.dao.GenericDao] - DAO - caused getAll() with sort = user order = asc
2016-04-18 16:21:54,134 [INFO ][main            ][by.telecom.subapp.service.UserService] - SERVICE - create User
2016-04-18 16:21:54,134 [INFO ][main            ][by.telecom.subapp.dao.GenericDao] - DAO - caused create()
2016-04-18 16:21:54,227 [INFO ][main            ][by.telecom.subapp.service.UserService] - SERVICE - read User with id 1
2016-04-18 16:21:54,227 [INFO ][main            ][by.telecom.subapp.dao.GenericDao] - DAO - caused read() with id = 1
2016-04-18 16:21:54,244 [INFO ][main            ][by.telecom.subapp.service.SubscriberService] - SERVICE - create Subscriber
2016-04-18 16:21:54,244 [INFO ][main            ][by.telecom.subapp.dao.GenericDao] - DAO - caused create()
2016-04-18 16:21:54,275 [INFO ][main            ][by.telecom.subapp.service.SubscriberService] - SERVICE - read Subscriber with id 2
2016-04-18 16:21:54,275 [INFO ][main            ][by.telecom.subapp.dao.GenericDao] - DAO - caused read() with id = 2
