10:02:43,098 [main] INFO org.hibernate.annotations.common.Version - HCANN000001: Hibernate Commons Annotations {4.0.4.Final}
10:02:43,114 [main] INFO org.hibernate.Version - HHH000412: Hibernate Core {4.3.5.Final}
10:02:43,114 [main] INFO org.hibernate.cfg.Environment - HHH000205: Loaded properties from resource hibernate.properties: {app.jdbc.driverClassName=com.mysql.jdbc.Driver, app.jdbc.username=root, app.jdbc.url=jdbc:mysql://localhost:3306/subscriber_db?zeroDateTimeBehavior=convertToNull, hibernate.bytecode.use_reflection_optimizer=false, app.jdbc.password=123456, hibernate.config=classpath:hibernate.cfg.xml}
10:02:43,114 [main] INFO org.hibernate.cfg.Environment - HHH000021: Bytecode provider name : javassist
10:02:43,207 [main] INFO org.hibernate.cfg.Configuration - HHH000044: Configuring from URL: file:/D:/JAVA/workspace/subapp/target/classes/hibernate.cfg.xml
10:02:43,425 [main] WARN org.hibernate.internal.util.xml.DTDEntityResolver - HHH000223: Recognized obsolete hibernate namespace http://hibernate.sourceforge.net/. Use namespace http://www.hibernate.org/dtd/ instead. Refer to Hibernate 3.6 Migration Guide!
10:02:43,456 [main] INFO org.hibernate.cfg.Configuration - HHH000041: Configured SessionFactory: null
10:02:45,477 [main] INFO org.hibernate.dialect.Dialect - HHH000400: Using dialect: org.hibernate.dialect.MySQLDialect
10:02:45,493 [main] INFO org.hibernate.engine.jdbc.internal.LobCreatorBuilder - HHH000424: Disabling contextual LOB creation as createClob() method threw error : java.lang.reflect.InvocationTargetException
10:02:45,936 [main] INFO org.hibernate.engine.transaction.internal.TransactionFactoryInitiator - HHH000399: Using default transaction strategy (direct JDBC transactions)
10:02:45,936 [main] INFO org.hibernate.hql.internal.ast.ASTQueryTranslatorFactory - HHH000397: Using ASTQueryTranslatorFactory
10:02:46,815 [main] INFO org.hibernate.tool.hbm2ddl.SchemaUpdate - HHH000228: Running hbm2ddl schema update
10:02:46,815 [main] INFO org.hibernate.tool.hbm2ddl.SchemaUpdate - HHH000102: Fetching database metadata
10:02:46,824 [main] INFO org.hibernate.tool.hbm2ddl.SchemaUpdate - HHH000396: Updating schema
10:02:47,153 [main] INFO org.hibernate.tool.hbm2ddl.TableMetadata - HHH000261: Table found: subscriber_db.log
10:02:47,153 [main] INFO org.hibernate.tool.hbm2ddl.TableMetadata - HHH000037: Columns: [date, comment, id, id_user, type, user]
10:02:47,153 [main] INFO org.hibernate.tool.hbm2ddl.TableMetadata - HHH000108: Foreign keys: []
10:02:47,153 [main] INFO org.hibernate.tool.hbm2ddl.TableMetadata - HHH000126: Indexes: [primary]
10:02:47,208 [main] INFO org.hibernate.tool.hbm2ddl.TableMetadata - HHH000261: Table found: subscriber_db.phone
10:02:47,208 [main] INFO org.hibernate.tool.hbm2ddl.TableMetadata - HHH000037: Columns: [id_subscriber, number, adsl, security, scv, id, band]
10:02:47,208 [main] INFO org.hibernate.tool.hbm2ddl.TableMetadata - HHH000108: Foreign keys: [fk5]
10:02:47,208 [main] INFO org.hibernate.tool.hbm2ddl.TableMetadata - HHH000126: Indexes: [fk5_idx, primary]
10:02:47,256 [main] INFO org.hibernate.tool.hbm2ddl.TableMetadata - HHH000261: Table found: subscriber_db.subscriber
10:02:47,256 [main] INFO org.hibernate.tool.hbm2ddl.TableMetadata - HHH000037: Columns: [address, name, comment, id]
10:02:47,256 [main] INFO org.hibernate.tool.hbm2ddl.TableMetadata - HHH000108: Foreign keys: []
10:02:47,256 [main] INFO org.hibernate.tool.hbm2ddl.TableMetadata - HHH000126: Indexes: [primary]
10:02:47,314 [main] INFO org.hibernate.tool.hbm2ddl.TableMetadata - HHH000261: Table found: subscriber_db.user
10:02:47,314 [main] INFO org.hibernate.tool.hbm2ddl.TableMetadata - HHH000037: Columns: [password, errortext, name, id, loginflag, login, category, username]
10:02:47,314 [main] INFO org.hibernate.tool.hbm2ddl.TableMetadata - HHH000108: Foreign keys: []
10:02:47,314 [main] INFO org.hibernate.tool.hbm2ddl.TableMetadata - HHH000126: Indexes: [primary]
10:02:47,314 [main] INFO org.hibernate.tool.hbm2ddl.SchemaUpdate - HHH000232: Schema update complete
10:03:34,154 [main] INFO org.hibernate.annotations.common.Version - HCANN000001: Hibernate Commons Annotations {4.0.4.Final}
10:03:34,169 [main] INFO org.hibernate.Version - HHH000412: Hibernate Core {4.3.5.Final}
10:03:34,176 [main] INFO org.hibernate.cfg.Environment - HHH000205: Loaded properties from resource hibernate.properties: {app.jdbc.driverClassName=com.mysql.jdbc.Driver, app.jdbc.username=root, app.jdbc.url=jdbc:mysql://localhost:3306/subscriber_db?zeroDateTimeBehavior=convertToNull, hibernate.bytecode.use_reflection_optimizer=false, app.jdbc.password=123456, hibernate.config=classpath:hibernate.cfg.xml}
10:03:34,177 [main] INFO org.hibernate.cfg.Environment - HHH000021: Bytecode provider name : javassist
10:03:34,269 [main] INFO org.hibernate.cfg.Configuration - HHH000044: Configuring from URL: file:/D:/JAVA/workspace/subapp/target/classes/hibernate.cfg.xml
10:03:34,333 [main] WARN org.hibernate.internal.util.xml.DTDEntityResolver - HHH000223: Recognized obsolete hibernate namespace http://hibernate.sourceforge.net/. Use namespace http://www.hibernate.org/dtd/ instead. Refer to Hibernate 3.6 Migration Guide!
10:03:34,373 [main] INFO org.hibernate.cfg.Configuration - HHH000041: Configured SessionFactory: null
10:03:35,651 [main] INFO org.hibernate.dialect.Dialect - HHH000400: Using dialect: org.hibernate.dialect.MySQLDialect
10:03:35,682 [main] INFO org.hibernate.engine.jdbc.internal.LobCreatorBuilder - HHH000424: Disabling contextual LOB creation as createClob() method threw error : java.lang.reflect.InvocationTargetException
10:03:36,004 [main] INFO org.hibernate.engine.transaction.internal.TransactionFactoryInitiator - HHH000399: Using default transaction strategy (direct JDBC transactions)
10:03:36,015 [main] INFO org.hibernate.hql.internal.ast.ASTQueryTranslatorFactory - HHH000397: Using ASTQueryTranslatorFactory
10:03:36,750 [main] INFO org.hibernate.tool.hbm2ddl.SchemaUpdate - HHH000228: Running hbm2ddl schema update
10:03:36,750 [main] INFO org.hibernate.tool.hbm2ddl.SchemaUpdate - HHH000102: Fetching database metadata
10:03:36,759 [main] INFO org.hibernate.tool.hbm2ddl.SchemaUpdate - HHH000396: Updating schema
10:03:36,807 [main] INFO org.hibernate.tool.hbm2ddl.TableMetadata - HHH000261: Table found: subscriber_db.log
10:03:36,807 [main] INFO org.hibernate.tool.hbm2ddl.TableMetadata - HHH000037: Columns: [date, comment, id, id_user, type, user]
10:03:36,807 [main] INFO org.hibernate.tool.hbm2ddl.TableMetadata - HHH000108: Foreign keys: []
10:03:36,807 [main] INFO org.hibernate.tool.hbm2ddl.TableMetadata - HHH000126: Indexes: [primary]
10:03:36,828 [main] INFO org.hibernate.tool.hbm2ddl.TableMetadata - HHH000261: Table found: subscriber_db.phone
10:03:36,828 [main] INFO org.hibernate.tool.hbm2ddl.TableMetadata - HHH000037: Columns: [id_subscriber, number, adsl, security, scv, id, band]
10:03:36,828 [main] INFO org.hibernate.tool.hbm2ddl.TableMetadata - HHH000108: Foreign keys: [fk5]
10:03:36,829 [main] INFO org.hibernate.tool.hbm2ddl.TableMetadata - HHH000126: Indexes: [fk5_idx, primary]
10:03:36,846 [main] INFO org.hibernate.tool.hbm2ddl.TableMetadata - HHH000261: Table found: subscriber_db.subscriber
10:03:36,846 [main] INFO org.hibernate.tool.hbm2ddl.TableMetadata - HHH000037: Columns: [address, name, comment, id]
10:03:36,847 [main] INFO org.hibernate.tool.hbm2ddl.TableMetadata - HHH000108: Foreign keys: []
10:03:36,847 [main] INFO org.hibernate.tool.hbm2ddl.TableMetadata - HHH000126: Indexes: [primary]
10:03:36,867 [main] INFO org.hibernate.tool.hbm2ddl.TableMetadata - HHH000261: Table found: subscriber_db.user
10:03:36,867 [main] INFO org.hibernate.tool.hbm2ddl.TableMetadata - HHH000037: Columns: [password, errortext, name, id, loginflag, login, category, username]
10:03:36,867 [main] INFO org.hibernate.tool.hbm2ddl.TableMetadata - HHH000108: Foreign keys: []
10:03:36,867 [main] INFO org.hibernate.tool.hbm2ddl.TableMetadata - HHH000126: Indexes: [primary]
10:03:36,868 [main] INFO org.hibernate.tool.hbm2ddl.SchemaUpdate - HHH000232: Schema update complete
10:11:30,112 [main] INFO org.hibernate.annotations.common.Version - HCANN000001: Hibernate Commons Annotations {4.0.4.Final}
10:11:30,127 [main] INFO org.hibernate.Version - HHH000412: Hibernate Core {4.3.5.Final}
10:11:30,142 [main] INFO org.hibernate.cfg.Environment - HHH000205: Loaded properties from resource hibernate.properties: {app.jdbc.driverClassName=com.mysql.jdbc.Driver, app.jdbc.username=root, app.jdbc.url=jdbc:mysql://localhost:3306/subscriber_db?zeroDateTimeBehavior=convertToNull, hibernate.bytecode.use_reflection_optimizer=false, app.jdbc.password=123456, hibernate.config=classpath:hibernate.cfg.xml}
10:11:30,142 [main] INFO org.hibernate.cfg.Environment - HHH000021: Bytecode provider name : javassist
10:11:30,219 [main] INFO org.hibernate.cfg.Configuration - HHH000044: Configuring from URL: file:/D:/JAVA/workspace/subapp/target/classes/hibernate.cfg.xml
10:11:30,280 [main] WARN org.hibernate.internal.util.xml.DTDEntityResolver - HHH000223: Recognized obsolete hibernate namespace http://hibernate.sourceforge.net/. Use namespace http://www.hibernate.org/dtd/ instead. Refer to Hibernate 3.6 Migration Guide!
10:11:30,310 [main] INFO org.hibernate.cfg.Configuration - HHH000041: Configured SessionFactory: null
10:11:31,471 [main] INFO org.hibernate.dialect.Dialect - HHH000400: Using dialect: org.hibernate.dialect.MySQLDialect
10:11:31,486 [main] INFO org.hibernate.engine.jdbc.internal.LobCreatorBuilder - HHH000424: Disabling contextual LOB creation as createClob() method threw error : java.lang.reflect.InvocationTargetException
10:11:31,791 [main] INFO org.hibernate.engine.transaction.internal.TransactionFactoryInitiator - HHH000399: Using default transaction strategy (direct JDBC transactions)
10:11:31,806 [main] INFO org.hibernate.hql.internal.ast.ASTQueryTranslatorFactory - HHH000397: Using ASTQueryTranslatorFactory
10:11:32,463 [main] INFO org.hibernate.tool.hbm2ddl.SchemaUpdate - HHH000228: Running hbm2ddl schema update
10:11:32,463 [main] INFO org.hibernate.tool.hbm2ddl.SchemaUpdate - HHH000102: Fetching database metadata
10:11:32,478 [main] INFO org.hibernate.tool.hbm2ddl.SchemaUpdate - HHH000396: Updating schema
10:11:32,539 [main] INFO org.hibernate.tool.hbm2ddl.TableMetadata - HHH000261: Table found: subscriber_db.log
10:11:32,539 [main] INFO org.hibernate.tool.hbm2ddl.TableMetadata - HHH000037: Columns: [date, comment, id, id_user, type, user]
10:11:32,539 [main] INFO org.hibernate.tool.hbm2ddl.TableMetadata - HHH000108: Foreign keys: []
10:11:32,539 [main] INFO org.hibernate.tool.hbm2ddl.TableMetadata - HHH000126: Indexes: [primary]
10:11:32,555 [main] INFO org.hibernate.tool.hbm2ddl.TableMetadata - HHH000261: Table found: subscriber_db.phone
10:11:32,555 [main] INFO org.hibernate.tool.hbm2ddl.TableMetadata - HHH000037: Columns: [id_subscriber, number, adsl, security, scv, id, band]
10:11:32,555 [main] INFO org.hibernate.tool.hbm2ddl.TableMetadata - HHH000108: Foreign keys: [fk5]
10:11:32,555 [main] INFO org.hibernate.tool.hbm2ddl.TableMetadata - HHH000126: Indexes: [fk5_idx, primary]
10:11:32,570 [main] INFO org.hibernate.tool.hbm2ddl.TableMetadata - HHH000261: Table found: subscriber_db.subscriber
10:11:32,570 [main] INFO org.hibernate.tool.hbm2ddl.TableMetadata - HHH000037: Columns: [address, name, comment, id]
10:11:32,570 [main] INFO org.hibernate.tool.hbm2ddl.TableMetadata - HHH000108: Foreign keys: []
10:11:32,570 [main] INFO org.hibernate.tool.hbm2ddl.TableMetadata - HHH000126: Indexes: [primary]
10:11:32,631 [main] INFO org.hibernate.tool.hbm2ddl.TableMetadata - HHH000261: Table found: subscriber_db.user
10:11:32,631 [main] INFO org.hibernate.tool.hbm2ddl.TableMetadata - HHH000037: Columns: [password, errortext, name, id, loginflag, login, category, username]
10:11:32,631 [main] INFO org.hibernate.tool.hbm2ddl.TableMetadata - HHH000108: Foreign keys: []
10:11:32,631 [main] INFO org.hibernate.tool.hbm2ddl.TableMetadata - HHH000126: Indexes: [primary]
10:11:32,631 [main] INFO org.hibernate.tool.hbm2ddl.SchemaUpdate - HHH000232: Schema update complete
10:57:48,591 [main] INFO org.hibernate.annotations.common.Version - HCANN000001: Hibernate Commons Annotations {4.0.4.Final}
10:57:48,664 [main] INFO org.hibernate.Version - HHH000412: Hibernate Core {4.3.5.Final}
10:57:48,677 [main] INFO org.hibernate.cfg.Environment - HHH000205: Loaded properties from resource hibernate.properties: {hibernate.config=classpath:hibernate.cfg.xml, app.jdbc.url=jdbc:mysql://localhost:3306/subscriber_db?zeroDateTimeBehavior=convertToNull, app.jdbc.driverClassName=com.mysql.jdbc.Driver, hibernate.dialect=org.hibernate.dialect.MySQLDialect, app.jdbc.username=root, hibernate.hbm2ddl.auto=update, app.jdbc.password=123456, hibernate.bytecode.use_reflection_optimizer=false, hibernate.show_sql=false}
10:57:48,678 [main] INFO org.hibernate.cfg.Environment - HHH000021: Bytecode provider name : javassist
10:57:48,782 [main] INFO org.hibernate.cfg.Configuration - HHH000044: Configuring from URL: file:/D:/JAVA/workspace/subapp/target/classes/hibernate.cfg.xml
10:57:48,915 [main] WARN org.hibernate.internal.util.xml.DTDEntityResolver - HHH000223: Recognized obsolete hibernate namespace http://hibernate.sourceforge.net/. Use namespace http://www.hibernate.org/dtd/ instead. Refer to Hibernate 3.6 Migration Guide!
10:57:48,957 [main] INFO org.hibernate.cfg.Configuration - HHH000041: Configured SessionFactory: null
10:57:51,408 [main] INFO org.hibernate.dialect.Dialect - HHH000400: Using dialect: org.hibernate.dialect.MySQLDialect
10:57:51,441 [main] INFO org.hibernate.engine.jdbc.internal.LobCreatorBuilder - HHH000424: Disabling contextual LOB creation as createClob() method threw error : java.lang.reflect.InvocationTargetException
10:57:52,025 [main] INFO org.hibernate.engine.transaction.internal.TransactionFactoryInitiator - HHH000399: Using default transaction strategy (direct JDBC transactions)
10:57:52,039 [main] INFO org.hibernate.hql.internal.ast.ASTQueryTranslatorFactory - HHH000397: Using ASTQueryTranslatorFactory
10:57:53,568 [main] INFO org.hibernate.tool.hbm2ddl.SchemaUpdate - HHH000228: Running hbm2ddl schema update
10:57:53,568 [main] INFO org.hibernate.tool.hbm2ddl.SchemaUpdate - HHH000102: Fetching database metadata
10:57:53,576 [main] INFO org.hibernate.tool.hbm2ddl.SchemaUpdate - HHH000396: Updating schema
10:57:54,032 [main] INFO org.hibernate.tool.hbm2ddl.TableMetadata - HHH000261: Table found: subscriber_db.log
10:57:54,033 [main] INFO org.hibernate.tool.hbm2ddl.TableMetadata - HHH000037: Columns: [date, comment, id, id_user, type, user]
10:57:54,033 [main] INFO org.hibernate.tool.hbm2ddl.TableMetadata - HHH000108: Foreign keys: []
10:57:54,033 [main] INFO org.hibernate.tool.hbm2ddl.TableMetadata - HHH000126: Indexes: [primary]
10:57:54,078 [main] INFO org.hibernate.tool.hbm2ddl.TableMetadata - HHH000261: Table found: subscriber_db.phone
10:57:54,078 [main] INFO org.hibernate.tool.hbm2ddl.TableMetadata - HHH000037: Columns: [id_subscriber, number, adsl, security, scv, id, band]
10:57:54,078 [main] INFO org.hibernate.tool.hbm2ddl.TableMetadata - HHH000108: Foreign keys: [fk5]
10:57:54,078 [main] INFO org.hibernate.tool.hbm2ddl.TableMetadata - HHH000126: Indexes: [fk5_idx, primary]
10:57:54,122 [main] INFO org.hibernate.tool.hbm2ddl.TableMetadata - HHH000261: Table found: subscriber_db.subscriber
10:57:54,122 [main] INFO org.hibernate.tool.hbm2ddl.TableMetadata - HHH000037: Columns: [address, name, comment, id]
10:57:54,122 [main] INFO org.hibernate.tool.hbm2ddl.TableMetadata - HHH000108: Foreign keys: []
10:57:54,122 [main] INFO org.hibernate.tool.hbm2ddl.TableMetadata - HHH000126: Indexes: [primary]
10:57:54,165 [main] INFO org.hibernate.tool.hbm2ddl.TableMetadata - HHH000261: Table found: subscriber_db.user
10:57:54,165 [main] INFO org.hibernate.tool.hbm2ddl.TableMetadata - HHH000037: Columns: [password, errortext, name, id, loginflag, login, category, username]
10:57:54,165 [main] INFO org.hibernate.tool.hbm2ddl.TableMetadata - HHH000108: Foreign keys: []
10:57:54,165 [main] INFO org.hibernate.tool.hbm2ddl.TableMetadata - HHH000126: Indexes: [primary]
10:57:54,167 [main] INFO org.hibernate.tool.hbm2ddl.SchemaUpdate - HHH000232: Schema update complete
11:29:52,814 [main] INFO org.hibernate.annotations.common.Version - HCANN000001: Hibernate Commons Annotations {4.0.4.Final}
11:29:52,844 [main] INFO org.hibernate.Version - HHH000412: Hibernate Core {4.3.5.Final}
11:29:52,852 [main] INFO org.hibernate.cfg.Environment - HHH000205: Loaded properties from resource hibernate.properties: {jdbc.url=jdbc:mysql://localhost:3306/subscriber_db?zeroDateTimeBehavior=convertToNull, jdbc.username=root, hibernate.dialect=org.hibernate.dialect.MySQLDialect, hibernate.show_sql=false, hibernate.bytecode.use_reflection_optimizer=false, jdbc.password=123456, hibernate.hbm2ddl.auto=update, jdbc.driverClassName=com.mysql.jdbc.Driver}
11:29:52,853 [main] INFO org.hibernate.cfg.Environment - HHH000021: Bytecode provider name : javassist
11:29:54,860 [main] INFO org.hibernate.dialect.Dialect - HHH000400: Using dialect: org.hibernate.dialect.MySQLDialect
11:29:54,937 [main] INFO org.hibernate.engine.jdbc.internal.LobCreatorBuilder - HHH000424: Disabling contextual LOB creation as createClob() method threw error : java.lang.reflect.InvocationTargetException
11:29:56,121 [main] INFO org.hibernate.engine.transaction.internal.TransactionFactoryInitiator - HHH000399: Using default transaction strategy (direct JDBC transactions)
11:29:56,134 [main] INFO org.hibernate.hql.internal.ast.ASTQueryTranslatorFactory - HHH000397: Using ASTQueryTranslatorFactory
11:29:57,935 [main] INFO org.hibernate.tool.hbm2ddl.SchemaUpdate - HHH000228: Running hbm2ddl schema update
11:29:57,936 [main] INFO org.hibernate.tool.hbm2ddl.SchemaUpdate - HHH000102: Fetching database metadata
11:29:57,983 [main] INFO org.hibernate.tool.hbm2ddl.SchemaUpdate - HHH000396: Updating schema
11:29:58,066 [main] INFO org.hibernate.tool.hbm2ddl.TableMetadata - HHH000261: Table found: subscriber_db.log
11:29:58,066 [main] INFO org.hibernate.tool.hbm2ddl.TableMetadata - HHH000037: Columns: [date, comment, id, id_user, type, user]
11:29:58,066 [main] INFO org.hibernate.tool.hbm2ddl.TableMetadata - HHH000108: Foreign keys: []
11:29:58,066 [main] INFO org.hibernate.tool.hbm2ddl.TableMetadata - HHH000126: Indexes: [primary]
11:29:58,084 [main] INFO org.hibernate.tool.hbm2ddl.TableMetadata - HHH000261: Table found: subscriber_db.phone
11:29:58,084 [main] INFO org.hibernate.tool.hbm2ddl.TableMetadata - HHH000037: Columns: [id_subscriber, number, adsl, security, scv, id, band]
11:29:58,084 [main] INFO org.hibernate.tool.hbm2ddl.TableMetadata - HHH000108: Foreign keys: [fk5]
11:29:58,084 [main] INFO org.hibernate.tool.hbm2ddl.TableMetadata - HHH000126: Indexes: [fk5_idx, primary]
11:29:58,097 [main] INFO org.hibernate.tool.hbm2ddl.TableMetadata - HHH000261: Table found: subscriber_db.subscriber
11:29:58,097 [main] INFO org.hibernate.tool.hbm2ddl.TableMetadata - HHH000037: Columns: [address, name, comment, id]
11:29:58,097 [main] INFO org.hibernate.tool.hbm2ddl.TableMetadata - HHH000108: Foreign keys: []
11:29:58,097 [main] INFO org.hibernate.tool.hbm2ddl.TableMetadata - HHH000126: Indexes: [primary]
11:29:58,149 [main] INFO org.hibernate.tool.hbm2ddl.TableMetadata - HHH000261: Table found: subscriber_db.user
11:29:58,149 [main] INFO org.hibernate.tool.hbm2ddl.TableMetadata - HHH000037: Columns: [password, errortext, name, id, loginflag, login, category, username]
11:29:58,150 [main] INFO org.hibernate.tool.hbm2ddl.TableMetadata - HHH000108: Foreign keys: []
11:29:58,150 [main] INFO org.hibernate.tool.hbm2ddl.TableMetadata - HHH000126: Indexes: [primary]
11:29:58,151 [main] INFO org.hibernate.tool.hbm2ddl.SchemaUpdate - HHH000232: Schema update complete
11:54:23,056 [main] INFO org.hibernate.annotations.common.Version - HCANN000001: Hibernate Commons Annotations {4.0.4.Final}
11:54:23,134 [main] INFO org.hibernate.Version - HHH000412: Hibernate Core {4.3.5.Final}
11:54:23,149 [main] INFO org.hibernate.cfg.Environment - HHH000205: Loaded properties from resource hibernate.properties: {jdbc.url=jdbc:mysql://localhost:3306/subscriber_db?zeroDateTimeBehavior=convertToNull, jdbc.username=root, hibernate.dialect=org.hibernate.dialect.MySQLDialect, hibernate.show_sql=false, hibernate.bytecode.use_reflection_optimizer=false, jdbc.password=123456, hibernate.hbm2ddl.auto=update, jdbc.driverClassName=com.mysql.jdbc.Driver}
11:54:23,149 [main] INFO org.hibernate.cfg.Environment - HHH000021: Bytecode provider name : javassist
11:54:26,063 [main] INFO org.hibernate.dialect.Dialect - HHH000400: Using dialect: org.hibernate.dialect.MySQLDialect
11:54:26,141 [main] INFO org.hibernate.engine.jdbc.internal.LobCreatorBuilder - HHH000424: Disabling contextual LOB creation as createClob() method threw error : java.lang.reflect.InvocationTargetException
11:54:27,030 [main] INFO org.hibernate.engine.transaction.internal.TransactionFactoryInitiator - HHH000399: Using default transaction strategy (direct JDBC transactions)
11:54:27,046 [main] INFO org.hibernate.hql.internal.ast.ASTQueryTranslatorFactory - HHH000397: Using ASTQueryTranslatorFactory
11:54:27,982 [main] INFO org.hibernate.tool.hbm2ddl.SchemaUpdate - HHH000228: Running hbm2ddl schema update
11:54:27,982 [main] INFO org.hibernate.tool.hbm2ddl.SchemaUpdate - HHH000102: Fetching database metadata
11:54:27,998 [main] INFO org.hibernate.tool.hbm2ddl.SchemaUpdate - HHH000396: Updating schema
11:54:28,716 [main] INFO org.hibernate.tool.hbm2ddl.TableMetadata - HHH000261: Table found: subscriber_db.log
11:54:28,716 [main] INFO org.hibernate.tool.hbm2ddl.TableMetadata - HHH000037: Columns: [date, comment, id, id_user, type, user]
11:54:28,716 [main] INFO org.hibernate.tool.hbm2ddl.TableMetadata - HHH000108: Foreign keys: []
11:54:28,716 [main] INFO org.hibernate.tool.hbm2ddl.TableMetadata - HHH000126: Indexes: [primary]
11:54:28,778 [main] INFO org.hibernate.tool.hbm2ddl.TableMetadata - HHH000261: Table found: subscriber_db.phone
11:54:28,778 [main] INFO org.hibernate.tool.hbm2ddl.TableMetadata - HHH000037: Columns: [id_subscriber, number, adsl, security, scv, id, band]
11:54:28,778 [main] INFO org.hibernate.tool.hbm2ddl.TableMetadata - HHH000108: Foreign keys: [fk5]
11:54:28,778 [main] INFO org.hibernate.tool.hbm2ddl.TableMetadata - HHH000126: Indexes: [fk5_idx, primary]
11:54:28,856 [main] INFO org.hibernate.tool.hbm2ddl.TableMetadata - HHH000261: Table found: subscriber_db.subscriber
11:54:28,856 [main] INFO org.hibernate.tool.hbm2ddl.TableMetadata - HHH000037: Columns: [address, name, comment, id]
11:54:28,856 [main] INFO org.hibernate.tool.hbm2ddl.TableMetadata - HHH000108: Foreign keys: []
11:54:28,856 [main] INFO org.hibernate.tool.hbm2ddl.TableMetadata - HHH000126: Indexes: [primary]
11:54:28,919 [main] INFO org.hibernate.tool.hbm2ddl.TableMetadata - HHH000261: Table found: subscriber_db.user
11:54:28,919 [main] INFO org.hibernate.tool.hbm2ddl.TableMetadata - HHH000037: Columns: [password, errortext, name, id, loginflag, login, category, username]
11:54:28,919 [main] INFO org.hibernate.tool.hbm2ddl.TableMetadata - HHH000108: Foreign keys: []
11:54:28,919 [main] INFO org.hibernate.tool.hbm2ddl.TableMetadata - HHH000126: Indexes: [primary]
11:54:28,919 [main] INFO org.hibernate.tool.hbm2ddl.SchemaUpdate - HHH000232: Schema update complete
11:57:02,626 [main] INFO org.hibernate.annotations.common.Version - HCANN000001: Hibernate Commons Annotations {4.0.4.Final}
11:57:02,657 [main] INFO org.hibernate.Version - HHH000412: Hibernate Core {4.3.5.Final}
11:57:02,673 [main] INFO org.hibernate.cfg.Environment - HHH000205: Loaded properties from resource hibernate.properties: {jdbc.url=jdbc:mysql://localhost:3306/subscriber_db?zeroDateTimeBehavior=convertToNull, jdbc.username=root, hibernate.dialect=org.hibernate.dialect.MySQLDialect, hibernate.show_sql=false, hibernate.bytecode.use_reflection_optimizer=false, jdbc.password=123456, hibernate.hbm2ddl.auto=update, jdbc.driverClassName=com.mysql.jdbc.Driver}
11:57:02,673 [main] INFO org.hibernate.cfg.Environment - HHH000021: Bytecode provider name : javassist
11:57:03,921 [main] INFO org.hibernate.dialect.Dialect - HHH000400: Using dialect: org.hibernate.dialect.MySQLDialect
11:57:03,952 [main] INFO org.hibernate.engine.jdbc.internal.LobCreatorBuilder - HHH000424: Disabling contextual LOB creation as createClob() method threw error : java.lang.reflect.InvocationTargetException
11:57:04,327 [main] INFO org.hibernate.engine.transaction.internal.TransactionFactoryInitiator - HHH000399: Using default transaction strategy (direct JDBC transactions)
11:57:04,327 [main] INFO org.hibernate.hql.internal.ast.ASTQueryTranslatorFactory - HHH000397: Using ASTQueryTranslatorFactory
11:57:05,060 [main] INFO org.hibernate.tool.hbm2ddl.SchemaUpdate - HHH000228: Running hbm2ddl schema update
11:57:05,060 [main] INFO org.hibernate.tool.hbm2ddl.SchemaUpdate - HHH000102: Fetching database metadata
11:57:05,060 [main] INFO org.hibernate.tool.hbm2ddl.SchemaUpdate - HHH000396: Updating schema
11:57:05,138 [main] INFO org.hibernate.tool.hbm2ddl.TableMetadata - HHH000261: Table found: subscriber_db.log
11:57:05,138 [main] INFO org.hibernate.tool.hbm2ddl.TableMetadata - HHH000037: Columns: [date, comment, id, id_user, type, user]
11:57:05,138 [main] INFO org.hibernate.tool.hbm2ddl.TableMetadata - HHH000108: Foreign keys: []
11:57:05,138 [main] INFO org.hibernate.tool.hbm2ddl.TableMetadata - HHH000126: Indexes: [primary]
11:57:05,170 [main] INFO org.hibernate.tool.hbm2ddl.TableMetadata - HHH000261: Table found: subscriber_db.phone
11:57:05,170 [main] INFO org.hibernate.tool.hbm2ddl.TableMetadata - HHH000037: Columns: [id_subscriber, number, adsl, security, scv, id, band]
11:57:05,170 [main] INFO org.hibernate.tool.hbm2ddl.TableMetadata - HHH000108: Foreign keys: [fk5]
11:57:05,170 [main] INFO org.hibernate.tool.hbm2ddl.TableMetadata - HHH000126: Indexes: [fk5_idx, primary]
11:57:05,201 [main] INFO org.hibernate.tool.hbm2ddl.TableMetadata - HHH000261: Table found: subscriber_db.subscriber
11:57:05,201 [main] INFO org.hibernate.tool.hbm2ddl.TableMetadata - HHH000037: Columns: [address, name, comment, id]
11:57:05,201 [main] INFO org.hibernate.tool.hbm2ddl.TableMetadata - HHH000108: Foreign keys: []
11:57:05,201 [main] INFO org.hibernate.tool.hbm2ddl.TableMetadata - HHH000126: Indexes: [primary]
11:57:05,216 [main] INFO org.hibernate.tool.hbm2ddl.TableMetadata - HHH000261: Table found: subscriber_db.user
11:57:05,216 [main] INFO org.hibernate.tool.hbm2ddl.TableMetadata - HHH000037: Columns: [password, errortext, name, id, loginflag, login, category, username]
11:57:05,216 [main] INFO org.hibernate.tool.hbm2ddl.TableMetadata - HHH000108: Foreign keys: []
11:57:05,216 [main] INFO org.hibernate.tool.hbm2ddl.TableMetadata - HHH000126: Indexes: [primary]
11:57:05,232 [main] INFO org.hibernate.tool.hbm2ddl.SchemaUpdate - HHH000232: Schema update complete
11:58:05,724 [main] INFO org.hibernate.annotations.common.Version - HCANN000001: Hibernate Commons Annotations {4.0.4.Final}
11:58:05,834 [main] INFO org.hibernate.Version - HHH000412: Hibernate Core {4.3.5.Final}
11:58:05,834 [main] INFO org.hibernate.cfg.Environment - HHH000205: Loaded properties from resource hibernate.properties: {jdbc.url=jdbc:mysql://localhost:3306/subscriber_db?zeroDateTimeBehavior=convertToNull, jdbc.username=root, hibernate.dialect=org.hibernate.dialect.MySQLDialect, hibernate.show_sql=false, hibernate.bytecode.use_reflection_optimizer=false, jdbc.password=123456, hibernate.hbm2ddl.auto=update, jdbc.driverClassName=com.mysql.jdbc.Driver}
11:58:05,834 [main] INFO org.hibernate.cfg.Environment - HHH000021: Bytecode provider name : javassist
11:58:07,995 [main] INFO org.hibernate.dialect.Dialect - HHH000400: Using dialect: org.hibernate.dialect.MySQLDialect
11:58:08,029 [main] INFO org.hibernate.engine.jdbc.internal.LobCreatorBuilder - HHH000424: Disabling contextual LOB creation as createClob() method threw error : java.lang.reflect.InvocationTargetException
11:58:08,747 [main] INFO org.hibernate.engine.transaction.internal.TransactionFactoryInitiator - HHH000399: Using default transaction strategy (direct JDBC transactions)
11:58:08,763 [main] INFO org.hibernate.hql.internal.ast.ASTQueryTranslatorFactory - HHH000397: Using ASTQueryTranslatorFactory
11:58:09,808 [main] INFO org.hibernate.tool.hbm2ddl.SchemaUpdate - HHH000228: Running hbm2ddl schema update
11:58:09,808 [main] INFO org.hibernate.tool.hbm2ddl.SchemaUpdate - HHH000102: Fetching database metadata
11:58:09,824 [main] INFO org.hibernate.tool.hbm2ddl.SchemaUpdate - HHH000396: Updating schema
11:58:09,918 [main] INFO org.hibernate.tool.hbm2ddl.TableMetadata - HHH000261: Table found: subscriber_db.log
11:58:09,918 [main] INFO org.hibernate.tool.hbm2ddl.TableMetadata - HHH000037: Columns: [date, comment, id, id_user, type, user]
11:58:09,918 [main] INFO org.hibernate.tool.hbm2ddl.TableMetadata - HHH000108: Foreign keys: []
11:58:09,918 [main] INFO org.hibernate.tool.hbm2ddl.TableMetadata - HHH000126: Indexes: [primary]
11:58:09,933 [main] INFO org.hibernate.tool.hbm2ddl.TableMetadata - HHH000261: Table found: subscriber_db.phone
11:58:09,933 [main] INFO org.hibernate.tool.hbm2ddl.TableMetadata - HHH000037: Columns: [id_subscriber, number, adsl, security, scv, id, band]
11:58:09,933 [main] INFO org.hibernate.tool.hbm2ddl.TableMetadata - HHH000108: Foreign keys: [fk5]
11:58:09,933 [main] INFO org.hibernate.tool.hbm2ddl.TableMetadata - HHH000126: Indexes: [fk5_idx, primary]
11:58:09,949 [main] INFO org.hibernate.tool.hbm2ddl.TableMetadata - HHH000261: Table found: subscriber_db.subscriber
11:58:09,949 [main] INFO org.hibernate.tool.hbm2ddl.TableMetadata - HHH000037: Columns: [address, name, comment, id]
11:58:09,949 [main] INFO org.hibernate.tool.hbm2ddl.TableMetadata - HHH000108: Foreign keys: []
11:58:09,949 [main] INFO org.hibernate.tool.hbm2ddl.TableMetadata - HHH000126: Indexes: [primary]
11:58:09,980 [main] INFO org.hibernate.tool.hbm2ddl.TableMetadata - HHH000261: Table found: subscriber_db.user
11:58:09,980 [main] INFO org.hibernate.tool.hbm2ddl.TableMetadata - HHH000037: Columns: [password, errortext, name, id, loginflag, login, category, username]
11:58:09,980 [main] INFO org.hibernate.tool.hbm2ddl.TableMetadata - HHH000108: Foreign keys: []
11:58:09,980 [main] INFO org.hibernate.tool.hbm2ddl.TableMetadata - HHH000126: Indexes: [primary]
11:58:09,980 [main] INFO org.hibernate.tool.hbm2ddl.SchemaUpdate - HHH000232: Schema update complete
11:58:39,423 [main] INFO org.hibernate.annotations.common.Version - HCANN000001: Hibernate Commons Annotations {4.0.4.Final}
11:58:39,455 [main] INFO org.hibernate.Version - HHH000412: Hibernate Core {4.3.5.Final}
11:58:39,470 [main] INFO org.hibernate.cfg.Environment - HHH000205: Loaded properties from resource hibernate.properties: {jdbc.url=jdbc:mysql://localhost:3306/subscriber_db?zeroDateTimeBehavior=convertToNull, jdbc.username=root, hibernate.dialect=org.hibernate.dialect.MySQLDialect, hibernate.show_sql=false, hibernate.bytecode.use_reflection_optimizer=false, jdbc.password=123456, hibernate.hbm2ddl.auto=update, jdbc.driverClassName=com.mysql.jdbc.Driver}
11:58:39,470 [main] INFO org.hibernate.cfg.Environment - HHH000021: Bytecode provider name : javassist
11:58:40,672 [main] INFO org.hibernate.dialect.Dialect - HHH000400: Using dialect: org.hibernate.dialect.MySQLDialect
11:58:40,688 [main] INFO org.hibernate.engine.jdbc.internal.LobCreatorBuilder - HHH000424: Disabling contextual LOB creation as createClob() method threw error : java.lang.reflect.InvocationTargetException
11:58:41,093 [main] INFO org.hibernate.engine.transaction.internal.TransactionFactoryInitiator - HHH000399: Using default transaction strategy (direct JDBC transactions)
11:58:41,109 [main] INFO org.hibernate.hql.internal.ast.ASTQueryTranslatorFactory - HHH000397: Using ASTQueryTranslatorFactory
11:58:41,905 [main] INFO org.hibernate.tool.hbm2ddl.SchemaUpdate - HHH000228: Running hbm2ddl schema update
11:58:41,905 [main] INFO org.hibernate.tool.hbm2ddl.SchemaUpdate - HHH000102: Fetching database metadata
11:58:41,920 [main] INFO org.hibernate.tool.hbm2ddl.SchemaUpdate - HHH000396: Updating schema
11:58:41,967 [main] INFO org.hibernate.tool.hbm2ddl.TableMetadata - HHH000261: Table found: subscriber_db.log
11:58:41,967 [main] INFO org.hibernate.tool.hbm2ddl.TableMetadata - HHH000037: Columns: [date, comment, id, id_user, type, user]
11:58:41,967 [main] INFO org.hibernate.tool.hbm2ddl.TableMetadata - HHH000108: Foreign keys: []
11:58:41,967 [main] INFO org.hibernate.tool.hbm2ddl.TableMetadata - HHH000126: Indexes: [primary]
11:58:41,998 [main] INFO org.hibernate.tool.hbm2ddl.TableMetadata - HHH000261: Table found: subscriber_db.phone
11:58:41,998 [main] INFO org.hibernate.tool.hbm2ddl.TableMetadata - HHH000037: Columns: [id_subscriber, number, adsl, security, scv, id, band]
11:58:41,998 [main] INFO org.hibernate.tool.hbm2ddl.TableMetadata - HHH000108: Foreign keys: [fk5]
11:58:41,998 [main] INFO org.hibernate.tool.hbm2ddl.TableMetadata - HHH000126: Indexes: [fk5_idx, primary]
11:58:42,014 [main] INFO org.hibernate.tool.hbm2ddl.TableMetadata - HHH000261: Table found: subscriber_db.subscriber
11:58:42,014 [main] INFO org.hibernate.tool.hbm2ddl.TableMetadata - HHH000037: Columns: [address, name, comment, id]
11:58:42,014 [main] INFO org.hibernate.tool.hbm2ddl.TableMetadata - HHH000108: Foreign keys: []
11:58:42,014 [main] INFO org.hibernate.tool.hbm2ddl.TableMetadata - HHH000126: Indexes: [primary]
11:58:42,045 [main] INFO org.hibernate.tool.hbm2ddl.TableMetadata - HHH000261: Table found: subscriber_db.user
11:58:42,045 [main] INFO org.hibernate.tool.hbm2ddl.TableMetadata - HHH000037: Columns: [password, errortext, name, id, loginflag, login, category, username]
11:58:42,045 [main] INFO org.hibernate.tool.hbm2ddl.TableMetadata - HHH000108: Foreign keys: []
11:58:42,045 [main] INFO org.hibernate.tool.hbm2ddl.TableMetadata - HHH000126: Indexes: [primary]
11:58:42,045 [main] INFO org.hibernate.tool.hbm2ddl.SchemaUpdate - HHH000232: Schema update complete
11:58:44,808 [main] WARN org.hibernate.engine.jdbc.spi.SqlExceptionHelper - SQL Error: 1048, SQLState: 23000
11:58:44,808 [main] ERROR org.hibernate.engine.jdbc.spi.SqlExceptionHelper - Column 'comment' cannot be null
11:59:52,923 [main] INFO org.hibernate.annotations.common.Version - HCANN000001: Hibernate Commons Annotations {4.0.4.Final}
11:59:52,954 [main] INFO org.hibernate.Version - HHH000412: Hibernate Core {4.3.5.Final}
11:59:52,954 [main] INFO org.hibernate.cfg.Environment - HHH000205: Loaded properties from resource hibernate.properties: {jdbc.url=jdbc:mysql://localhost:3306/subscriber_db?zeroDateTimeBehavior=convertToNull, jdbc.username=root, hibernate.dialect=org.hibernate.dialect.MySQLDialect, hibernate.show_sql=false, hibernate.bytecode.use_reflection_optimizer=false, jdbc.password=123456, hibernate.hbm2ddl.auto=update, jdbc.driverClassName=com.mysql.jdbc.Driver}
11:59:52,970 [main] INFO org.hibernate.cfg.Environment - HHH000021: Bytecode provider name : javassist
11:59:54,265 [main] INFO org.hibernate.dialect.Dialect - HHH000400: Using dialect: org.hibernate.dialect.MySQLDialect
11:59:54,343 [main] INFO org.hibernate.engine.jdbc.internal.LobCreatorBuilder - HHH000424: Disabling contextual LOB creation as createClob() method threw error : java.lang.reflect.InvocationTargetException
11:59:54,842 [main] INFO org.hibernate.engine.transaction.internal.TransactionFactoryInitiator - HHH000399: Using default transaction strategy (direct JDBC transactions)
11:59:54,858 [main] INFO org.hibernate.hql.internal.ast.ASTQueryTranslatorFactory - HHH000397: Using ASTQueryTranslatorFactory
11:59:55,544 [main] INFO org.hibernate.tool.hbm2ddl.SchemaUpdate - HHH000228: Running hbm2ddl schema update
11:59:55,544 [main] INFO org.hibernate.tool.hbm2ddl.SchemaUpdate - HHH000102: Fetching database metadata
11:59:55,560 [main] INFO org.hibernate.tool.hbm2ddl.SchemaUpdate - HHH000396: Updating schema
11:59:55,607 [main] INFO org.hibernate.tool.hbm2ddl.TableMetadata - HHH000261: Table found: subscriber_db.log
11:59:55,607 [main] INFO org.hibernate.tool.hbm2ddl.TableMetadata - HHH000037: Columns: [date, comment, id, id_user, type, user]
11:59:55,607 [main] INFO org.hibernate.tool.hbm2ddl.TableMetadata - HHH000108: Foreign keys: []
11:59:55,607 [main] INFO org.hibernate.tool.hbm2ddl.TableMetadata - HHH000126: Indexes: [primary]
11:59:55,622 [main] INFO org.hibernate.tool.hbm2ddl.TableMetadata - HHH000261: Table found: subscriber_db.phone
11:59:55,622 [main] INFO org.hibernate.tool.hbm2ddl.TableMetadata - HHH000037: Columns: [id_subscriber, number, adsl, security, scv, id, band]
11:59:55,622 [main] INFO org.hibernate.tool.hbm2ddl.TableMetadata - HHH000108: Foreign keys: [fk5]
11:59:55,622 [main] INFO org.hibernate.tool.hbm2ddl.TableMetadata - HHH000126: Indexes: [fk5_idx, primary]
11:59:55,638 [main] INFO org.hibernate.tool.hbm2ddl.TableMetadata - HHH000261: Table found: subscriber_db.subscriber
11:59:55,638 [main] INFO org.hibernate.tool.hbm2ddl.TableMetadata - HHH000037: Columns: [address, name, comment, id]
11:59:55,638 [main] INFO org.hibernate.tool.hbm2ddl.TableMetadata - HHH000108: Foreign keys: []
11:59:55,638 [main] INFO org.hibernate.tool.hbm2ddl.TableMetadata - HHH000126: Indexes: [primary]
11:59:55,653 [main] INFO org.hibernate.tool.hbm2ddl.TableMetadata - HHH000261: Table found: subscriber_db.user
11:59:55,653 [main] INFO org.hibernate.tool.hbm2ddl.TableMetadata - HHH000037: Columns: [password, errortext, name, id, loginflag, login, category, username]
11:59:55,653 [main] INFO org.hibernate.tool.hbm2ddl.TableMetadata - HHH000108: Foreign keys: []
11:59:55,653 [main] INFO org.hibernate.tool.hbm2ddl.TableMetadata - HHH000126: Indexes: [primary]
11:59:55,669 [main] INFO org.hibernate.tool.hbm2ddl.SchemaUpdate - HHH000232: Schema update complete
12:15:53,619 [main] INFO org.hibernate.annotations.common.Version - HCANN000001: Hibernate Commons Annotations {4.0.4.Final}
12:15:53,650 [main] INFO org.hibernate.Version - HHH000412: Hibernate Core {4.3.5.Final}
12:15:53,650 [main] INFO org.hibernate.cfg.Environment - HHH000205: Loaded properties from resource hibernate.properties: {jdbc.url=jdbc:mysql://localhost:3306/subscriber_db?zeroDateTimeBehavior=convertToNull, jdbc.username=root, hibernate.dialect=org.hibernate.dialect.MySQLDialect, hibernate.show_sql=false, hibernate.bytecode.use_reflection_optimizer=false, jdbc.password=123456, hibernate.hbm2ddl.auto=update, jdbc.driverClassName=com.mysql.jdbc.Driver}
12:15:53,650 [main] INFO org.hibernate.cfg.Environment - HHH000021: Bytecode provider name : javassist
12:15:55,901 [main] INFO org.hibernate.dialect.Dialect - HHH000400: Using dialect: org.hibernate.dialect.MySQLDialect
12:15:55,963 [main] INFO org.hibernate.engine.jdbc.internal.LobCreatorBuilder - HHH000424: Disabling contextual LOB creation as createClob() method threw error : java.lang.reflect.InvocationTargetException
12:15:56,603 [main] INFO org.hibernate.engine.transaction.internal.TransactionFactoryInitiator - HHH000399: Using default transaction strategy (direct JDBC transactions)
12:15:56,618 [main] INFO org.hibernate.hql.internal.ast.ASTQueryTranslatorFactory - HHH000397: Using ASTQueryTranslatorFactory
12:15:58,070 [main] INFO org.hibernate.tool.hbm2ddl.SchemaUpdate - HHH000228: Running hbm2ddl schema update
12:15:58,070 [main] INFO org.hibernate.tool.hbm2ddl.SchemaUpdate - HHH000102: Fetching database metadata
12:15:58,070 [main] INFO org.hibernate.tool.hbm2ddl.SchemaUpdate - HHH000396: Updating schema
12:15:58,163 [main] INFO org.hibernate.tool.hbm2ddl.TableMetadata - HHH000261: Table found: subscriber_db.log
12:15:58,163 [main] INFO org.hibernate.tool.hbm2ddl.TableMetadata - HHH000037: Columns: [date, comment, id, id_user, type, user]
12:15:58,163 [main] INFO org.hibernate.tool.hbm2ddl.TableMetadata - HHH000108: Foreign keys: []
12:15:58,163 [main] INFO org.hibernate.tool.hbm2ddl.TableMetadata - HHH000126: Indexes: [primary]
12:15:58,194 [main] INFO org.hibernate.tool.hbm2ddl.TableMetadata - HHH000261: Table found: subscriber_db.phone
12:15:58,194 [main] INFO org.hibernate.tool.hbm2ddl.TableMetadata - HHH000037: Columns: [id_subscriber, number, adsl, security, scv, id, band]
12:15:58,194 [main] INFO org.hibernate.tool.hbm2ddl.TableMetadata - HHH000108: Foreign keys: [fk5]
12:15:58,194 [main] INFO org.hibernate.tool.hbm2ddl.TableMetadata - HHH000126: Indexes: [fk5_idx, primary]
12:15:58,226 [main] INFO org.hibernate.tool.hbm2ddl.TableMetadata - HHH000261: Table found: subscriber_db.subscriber
12:15:58,226 [main] INFO org.hibernate.tool.hbm2ddl.TableMetadata - HHH000037: Columns: [address, name, comment, id]
12:15:58,241 [main] INFO org.hibernate.tool.hbm2ddl.TableMetadata - HHH000108: Foreign keys: []
12:15:58,241 [main] INFO org.hibernate.tool.hbm2ddl.TableMetadata - HHH000126: Indexes: [primary]
12:15:58,335 [main] INFO org.hibernate.tool.hbm2ddl.TableMetadata - HHH000261: Table found: subscriber_db.user
12:15:58,335 [main] INFO org.hibernate.tool.hbm2ddl.TableMetadata - HHH000037: Columns: [password, errortext, name, id, loginflag, login, category, username]
12:15:58,335 [main] INFO org.hibernate.tool.hbm2ddl.TableMetadata - HHH000108: Foreign keys: []
12:15:58,335 [main] INFO org.hibernate.tool.hbm2ddl.TableMetadata - HHH000126: Indexes: [primary]
12:15:58,335 [main] INFO org.hibernate.tool.hbm2ddl.SchemaUpdate - HHH000232: Schema update complete
12:17:08,814 [main] INFO org.hibernate.annotations.common.Version - HCANN000001: Hibernate Commons Annotations {4.0.4.Final}
12:17:08,845 [main] INFO org.hibernate.Version - HHH000412: Hibernate Core {4.3.5.Final}
12:17:08,845 [main] INFO org.hibernate.cfg.Environment - HHH000205: Loaded properties from resource hibernate.properties: {jdbc.url=jdbc:mysql://localhost:3306/subscriber_db?zeroDateTimeBehavior=convertToNull, jdbc.username=root, hibernate.dialect=org.hibernate.dialect.MySQLDialect, hibernate.show_sql=false, hibernate.bytecode.use_reflection_optimizer=false, jdbc.password=123456, hibernate.hbm2ddl.auto=update, jdbc.driverClassName=com.mysql.jdbc.Driver}
12:17:08,845 [main] INFO org.hibernate.cfg.Environment - HHH000021: Bytecode provider name : javassist
12:17:10,125 [main] INFO org.hibernate.dialect.Dialect - HHH000400: Using dialect: org.hibernate.dialect.MySQLDialect
12:17:10,141 [main] INFO org.hibernate.engine.jdbc.internal.LobCreatorBuilder - HHH000424: Disabling contextual LOB creation as createClob() method threw error : java.lang.reflect.InvocationTargetException
12:17:10,468 [main] INFO org.hibernate.engine.transaction.internal.TransactionFactoryInitiator - HHH000399: Using default transaction strategy (direct JDBC transactions)
12:17:10,484 [main] INFO org.hibernate.hql.internal.ast.ASTQueryTranslatorFactory - HHH000397: Using ASTQueryTranslatorFactory
12:17:11,436 [main] INFO org.hibernate.tool.hbm2ddl.SchemaUpdate - HHH000228: Running hbm2ddl schema update
12:17:11,436 [main] INFO org.hibernate.tool.hbm2ddl.SchemaUpdate - HHH000102: Fetching database metadata
12:17:11,482 [main] INFO org.hibernate.tool.hbm2ddl.SchemaUpdate - HHH000396: Updating schema
12:17:11,592 [main] INFO org.hibernate.tool.hbm2ddl.TableMetadata - HHH000261: Table found: subscriber_db.log
12:17:11,592 [main] INFO org.hibernate.tool.hbm2ddl.TableMetadata - HHH000037: Columns: [date, comment, id, id_user, type, user]
12:17:11,592 [main] INFO org.hibernate.tool.hbm2ddl.TableMetadata - HHH000108: Foreign keys: []
12:17:11,592 [main] INFO org.hibernate.tool.hbm2ddl.TableMetadata - HHH000126: Indexes: [primary]
12:17:11,639 [main] INFO org.hibernate.tool.hbm2ddl.TableMetadata - HHH000261: Table found: subscriber_db.phone
12:17:11,639 [main] INFO org.hibernate.tool.hbm2ddl.TableMetadata - HHH000037: Columns: [id_subscriber, number, adsl, security, scv, id, band]
12:17:11,639 [main] INFO org.hibernate.tool.hbm2ddl.TableMetadata - HHH000108: Foreign keys: [fk5]
12:17:11,639 [main] INFO org.hibernate.tool.hbm2ddl.TableMetadata - HHH000126: Indexes: [fk5_idx, primary]
12:17:11,654 [main] INFO org.hibernate.tool.hbm2ddl.TableMetadata - HHH000261: Table found: subscriber_db.subscriber
12:17:11,654 [main] INFO org.hibernate.tool.hbm2ddl.TableMetadata - HHH000037: Columns: [address, name, comment, id]
12:17:11,654 [main] INFO org.hibernate.tool.hbm2ddl.TableMetadata - HHH000108: Foreign keys: []
12:17:11,654 [main] INFO org.hibernate.tool.hbm2ddl.TableMetadata - HHH000126: Indexes: [primary]
12:17:11,685 [main] INFO org.hibernate.tool.hbm2ddl.TableMetadata - HHH000261: Table found: subscriber_db.user
12:17:11,685 [main] INFO org.hibernate.tool.hbm2ddl.TableMetadata - HHH000037: Columns: [password, errortext, name, id, loginflag, login, category, username]
12:17:11,685 [main] INFO org.hibernate.tool.hbm2ddl.TableMetadata - HHH000108: Foreign keys: []
12:17:11,685 [main] INFO org.hibernate.tool.hbm2ddl.TableMetadata - HHH000126: Indexes: [primary]
12:17:11,685 [main] INFO org.hibernate.tool.hbm2ddl.SchemaUpdate - HHH000232: Schema update complete
12:19:47,765 [main] INFO org.hibernate.annotations.common.Version - HCANN000001: Hibernate Commons Annotations {4.0.4.Final}
12:19:47,796 [main] INFO org.hibernate.Version - HHH000412: Hibernate Core {4.3.5.Final}
12:19:47,811 [main] INFO org.hibernate.cfg.Environment - HHH000205: Loaded properties from resource hibernate.properties: {jdbc.url=jdbc:mysql://localhost:3306/subscriber_db?zeroDateTimeBehavior=convertToNull, jdbc.username=root, hibernate.dialect=org.hibernate.dialect.MySQLDialect, hibernate.show_sql=false, hibernate.bytecode.use_reflection_optimizer=false, jdbc.password=123456, hibernate.hbm2ddl.auto=update, jdbc.driverClassName=com.mysql.jdbc.Driver}
12:19:47,811 [main] INFO org.hibernate.cfg.Environment - HHH000021: Bytecode provider name : javassist
12:19:49,153 [main] INFO org.hibernate.dialect.Dialect - HHH000400: Using dialect: org.hibernate.dialect.MySQLDialect
12:19:49,231 [main] INFO org.hibernate.engine.jdbc.internal.LobCreatorBuilder - HHH000424: Disabling contextual LOB creation as createClob() method threw error : java.lang.reflect.InvocationTargetException
12:19:49,559 [main] INFO org.hibernate.engine.transaction.internal.TransactionFactoryInitiator - HHH000399: Using default transaction strategy (direct JDBC transactions)
12:19:49,575 [main] INFO org.hibernate.hql.internal.ast.ASTQueryTranslatorFactory - HHH000397: Using ASTQueryTranslatorFactory
12:19:50,277 [main] INFO org.hibernate.tool.hbm2ddl.SchemaUpdate - HHH000228: Running hbm2ddl schema update
12:19:50,277 [main] INFO org.hibernate.tool.hbm2ddl.SchemaUpdate - HHH000102: Fetching database metadata
12:19:50,292 [main] INFO org.hibernate.tool.hbm2ddl.SchemaUpdate - HHH000396: Updating schema
12:19:50,339 [main] INFO org.hibernate.tool.hbm2ddl.TableMetadata - HHH000261: Table found: subscriber_db.log
12:19:50,339 [main] INFO org.hibernate.tool.hbm2ddl.TableMetadata - HHH000037: Columns: [date, comment, id, id_user, type, user]
12:19:50,339 [main] INFO org.hibernate.tool.hbm2ddl.TableMetadata - HHH000108: Foreign keys: []
12:19:50,339 [main] INFO org.hibernate.tool.hbm2ddl.TableMetadata - HHH000126: Indexes: [primary]
12:19:50,370 [main] INFO org.hibernate.tool.hbm2ddl.TableMetadata - HHH000261: Table found: subscriber_db.phone
12:19:50,370 [main] INFO org.hibernate.tool.hbm2ddl.TableMetadata - HHH000037: Columns: [id_subscriber, number, adsl, security, scv, id, band]
12:19:50,370 [main] INFO org.hibernate.tool.hbm2ddl.TableMetadata - HHH000108: Foreign keys: [fk5]
12:19:50,370 [main] INFO org.hibernate.tool.hbm2ddl.TableMetadata - HHH000126: Indexes: [fk5_idx, primary]
12:19:50,386 [main] INFO org.hibernate.tool.hbm2ddl.TableMetadata - HHH000261: Table found: subscriber_db.subscriber
12:19:50,386 [main] INFO org.hibernate.tool.hbm2ddl.TableMetadata - HHH000037: Columns: [address, name, comment, id]
12:19:50,386 [main] INFO org.hibernate.tool.hbm2ddl.TableMetadata - HHH000108: Foreign keys: []
12:19:50,386 [main] INFO org.hibernate.tool.hbm2ddl.TableMetadata - HHH000126: Indexes: [primary]
12:19:50,402 [main] INFO org.hibernate.tool.hbm2ddl.TableMetadata - HHH000261: Table found: subscriber_db.user
12:19:50,402 [main] INFO org.hibernate.tool.hbm2ddl.TableMetadata - HHH000037: Columns: [password, errortext, name, id, loginflag, login, category, username]
12:19:50,402 [main] INFO org.hibernate.tool.hbm2ddl.TableMetadata - HHH000108: Foreign keys: []
12:19:50,402 [main] INFO org.hibernate.tool.hbm2ddl.TableMetadata - HHH000126: Indexes: [primary]
12:19:50,402 [main] INFO org.hibernate.tool.hbm2ddl.SchemaUpdate - HHH000232: Schema update complete
12:21:00,879 [main] INFO org.hibernate.annotations.common.Version - HCANN000001: Hibernate Commons Annotations {4.0.4.Final}
12:21:00,910 [main] INFO org.hibernate.Version - HHH000412: Hibernate Core {4.3.5.Final}
12:21:00,925 [main] INFO org.hibernate.cfg.Environment - HHH000205: Loaded properties from resource hibernate.properties: {jdbc.url=jdbc:mysql://localhost:3306/subscriber_db?zeroDateTimeBehavior=convertToNull, jdbc.username=root, hibernate.dialect=org.hibernate.dialect.MySQLDialect, hibernate.show_sql=false, hibernate.bytecode.use_reflection_optimizer=false, jdbc.password=123456, hibernate.hbm2ddl.auto=update, jdbc.driverClassName=com.mysql.jdbc.Driver}
12:21:00,925 [main] INFO org.hibernate.cfg.Environment - HHH000021: Bytecode provider name : javassist
12:21:02,715 [main] INFO org.hibernate.dialect.Dialect - HHH000400: Using dialect: org.hibernate.dialect.MySQLDialect
12:21:02,746 [main] INFO org.hibernate.engine.jdbc.internal.LobCreatorBuilder - HHH000424: Disabling contextual LOB creation as createClob() method threw error : java.lang.reflect.InvocationTargetException
12:21:03,459 [main] INFO org.hibernate.engine.transaction.internal.TransactionFactoryInitiator - HHH000399: Using default transaction strategy (direct JDBC transactions)
12:21:03,459 [main] INFO org.hibernate.hql.internal.ast.ASTQueryTranslatorFactory - HHH000397: Using ASTQueryTranslatorFactory
12:21:04,988 [main] INFO org.hibernate.tool.hbm2ddl.SchemaUpdate - HHH000228: Running hbm2ddl schema update
12:21:04,988 [main] INFO org.hibernate.tool.hbm2ddl.SchemaUpdate - HHH000102: Fetching database metadata
12:21:05,004 [main] INFO org.hibernate.tool.hbm2ddl.SchemaUpdate - HHH000396: Updating schema
12:21:05,082 [main] INFO org.hibernate.tool.hbm2ddl.TableMetadata - HHH000261: Table found: subscriber_db.log
12:21:05,082 [main] INFO org.hibernate.tool.hbm2ddl.TableMetadata - HHH000037: Columns: [date, comment, id, id_user, type, user]
12:21:05,082 [main] INFO org.hibernate.tool.hbm2ddl.TableMetadata - HHH000108: Foreign keys: []
12:21:05,082 [main] INFO org.hibernate.tool.hbm2ddl.TableMetadata - HHH000126: Indexes: [primary]
12:21:05,129 [main] INFO org.hibernate.tool.hbm2ddl.TableMetadata - HHH000261: Table found: subscriber_db.phone
12:21:05,129 [main] INFO org.hibernate.tool.hbm2ddl.TableMetadata - HHH000037: Columns: [id_subscriber, number, adsl, security, scv, id, band]
12:21:05,129 [main] INFO org.hibernate.tool.hbm2ddl.TableMetadata - HHH000108: Foreign keys: [fk5]
12:21:05,129 [main] INFO org.hibernate.tool.hbm2ddl.TableMetadata - HHH000126: Indexes: [fk5_idx, primary]
12:21:05,144 [main] INFO org.hibernate.tool.hbm2ddl.TableMetadata - HHH000261: Table found: subscriber_db.subscriber
12:21:05,144 [main] INFO org.hibernate.tool.hbm2ddl.TableMetadata - HHH000037: Columns: [address, name, comment, id]
12:21:05,144 [main] INFO org.hibernate.tool.hbm2ddl.TableMetadata - HHH000108: Foreign keys: []
12:21:05,144 [main] INFO org.hibernate.tool.hbm2ddl.TableMetadata - HHH000126: Indexes: [primary]
12:21:05,175 [main] INFO org.hibernate.tool.hbm2ddl.TableMetadata - HHH000261: Table found: subscriber_db.user
12:21:05,175 [main] INFO org.hibernate.tool.hbm2ddl.TableMetadata - HHH000037: Columns: [password, errortext, name, id, loginflag, login, category, username]
12:21:05,175 [main] INFO org.hibernate.tool.hbm2ddl.TableMetadata - HHH000108: Foreign keys: []
12:21:05,175 [main] INFO org.hibernate.tool.hbm2ddl.TableMetadata - HHH000126: Indexes: [primary]
12:21:05,175 [main] INFO org.hibernate.tool.hbm2ddl.SchemaUpdate - HHH000232: Schema update complete
12:21:58,368 [main] INFO org.hibernate.annotations.common.Version - HCANN000001: Hibernate Commons Annotations {4.0.4.Final}
12:21:58,383 [main] INFO org.hibernate.Version - HHH000412: Hibernate Core {4.3.5.Final}
12:21:58,399 [main] INFO org.hibernate.cfg.Environment - HHH000205: Loaded properties from resource hibernate.properties: {jdbc.url=jdbc:mysql://localhost:3306/subscriber_db?zeroDateTimeBehavior=convertToNull, jdbc.username=root, hibernate.dialect=org.hibernate.dialect.MySQLDialect, hibernate.show_sql=false, hibernate.bytecode.use_reflection_optimizer=false, jdbc.password=123456, hibernate.hbm2ddl.auto=update, jdbc.driverClassName=com.mysql.jdbc.Driver}
12:21:58,399 [main] INFO org.hibernate.cfg.Environment - HHH000021: Bytecode provider name : javassist
12:21:59,756 [main] INFO org.hibernate.dialect.Dialect - HHH000400: Using dialect: org.hibernate.dialect.MySQLDialect
12:21:59,787 [main] INFO org.hibernate.engine.jdbc.internal.LobCreatorBuilder - HHH000424: Disabling contextual LOB creation as createClob() method threw error : java.lang.reflect.InvocationTargetException
12:22:00,365 [main] INFO org.hibernate.engine.transaction.internal.TransactionFactoryInitiator - HHH000399: Using default transaction strategy (direct JDBC transactions)
12:22:00,380 [main] INFO org.hibernate.hql.internal.ast.ASTQueryTranslatorFactory - HHH000397: Using ASTQueryTranslatorFactory
12:22:01,738 [main] INFO org.hibernate.tool.hbm2ddl.SchemaUpdate - HHH000228: Running hbm2ddl schema update
12:22:01,738 [main] INFO org.hibernate.tool.hbm2ddl.SchemaUpdate - HHH000102: Fetching database metadata
12:22:01,738 [main] INFO org.hibernate.tool.hbm2ddl.SchemaUpdate - HHH000396: Updating schema
12:22:01,832 [main] INFO org.hibernate.tool.hbm2ddl.TableMetadata - HHH000261: Table found: subscriber_db.log
12:22:01,832 [main] INFO org.hibernate.tool.hbm2ddl.TableMetadata - HHH000037: Columns: [date, comment, id, id_user, type, user]
12:22:01,832 [main] INFO org.hibernate.tool.hbm2ddl.TableMetadata - HHH000108: Foreign keys: []
12:22:01,832 [main] INFO org.hibernate.tool.hbm2ddl.TableMetadata - HHH000126: Indexes: [primary]
12:22:01,894 [main] INFO org.hibernate.tool.hbm2ddl.TableMetadata - HHH000261: Table found: subscriber_db.phone
12:22:01,894 [main] INFO org.hibernate.tool.hbm2ddl.TableMetadata - HHH000037: Columns: [id_subscriber, number, adsl, security, scv, id, band]
12:22:01,894 [main] INFO org.hibernate.tool.hbm2ddl.TableMetadata - HHH000108: Foreign keys: [fk5]
12:22:01,894 [main] INFO org.hibernate.tool.hbm2ddl.TableMetadata - HHH000126: Indexes: [fk5_idx, primary]
12:22:01,910 [main] INFO org.hibernate.tool.hbm2ddl.TableMetadata - HHH000261: Table found: subscriber_db.subscriber
12:22:01,910 [main] INFO org.hibernate.tool.hbm2ddl.TableMetadata - HHH000037: Columns: [address, name, comment, id]
12:22:01,910 [main] INFO org.hibernate.tool.hbm2ddl.TableMetadata - HHH000108: Foreign keys: []
12:22:01,910 [main] INFO org.hibernate.tool.hbm2ddl.TableMetadata - HHH000126: Indexes: [primary]
12:22:01,941 [main] INFO org.hibernate.tool.hbm2ddl.TableMetadata - HHH000261: Table found: subscriber_db.user
12:22:01,941 [main] INFO org.hibernate.tool.hbm2ddl.TableMetadata - HHH000037: Columns: [password, errortext, name, id, loginflag, login, category, username]
12:22:01,941 [main] INFO org.hibernate.tool.hbm2ddl.TableMetadata - HHH000108: Foreign keys: []
12:22:01,941 [main] INFO org.hibernate.tool.hbm2ddl.TableMetadata - HHH000126: Indexes: [primary]
12:22:01,941 [main] INFO org.hibernate.tool.hbm2ddl.SchemaUpdate - HHH000232: Schema update complete
12:25:02,397 [main] INFO org.hibernate.annotations.common.Version - HCANN000001: Hibernate Commons Annotations {4.0.4.Final}
12:25:02,460 [main] INFO org.hibernate.Version - HHH000412: Hibernate Core {4.3.5.Final}
12:25:02,475 [main] INFO org.hibernate.cfg.Environment - HHH000205: Loaded properties from resource hibernate.properties: {jdbc.url=jdbc:mysql://localhost:3306/subscriber_db?zeroDateTimeBehavior=convertToNull, jdbc.username=root, hibernate.dialect=org.hibernate.dialect.MySQLDialect, hibernate.show_sql=false, hibernate.bytecode.use_reflection_optimizer=false, jdbc.password=123456, hibernate.hbm2ddl.auto=update, jdbc.driverClassName=com.mysql.jdbc.Driver}
12:25:02,475 [main] INFO org.hibernate.cfg.Environment - HHH000021: Bytecode provider name : javassist
12:25:05,039 [main] INFO org.hibernate.dialect.Dialect - HHH000400: Using dialect: org.hibernate.dialect.MySQLDialect
12:25:05,133 [main] INFO org.hibernate.engine.jdbc.internal.LobCreatorBuilder - HHH000424: Disabling contextual LOB creation as createClob() method threw error : java.lang.reflect.InvocationTargetException
12:25:06,200 [main] INFO org.hibernate.engine.transaction.internal.TransactionFactoryInitiator - HHH000399: Using default transaction strategy (direct JDBC transactions)
12:25:06,293 [main] INFO org.hibernate.hql.internal.ast.ASTQueryTranslatorFactory - HHH000397: Using ASTQueryTranslatorFactory
12:25:08,150 [main] INFO org.hibernate.tool.hbm2ddl.SchemaUpdate - HHH000228: Running hbm2ddl schema update
12:25:08,150 [main] INFO org.hibernate.tool.hbm2ddl.SchemaUpdate - HHH000102: Fetching database metadata
12:25:08,228 [main] INFO org.hibernate.tool.hbm2ddl.SchemaUpdate - HHH000396: Updating schema
12:25:08,368 [main] INFO org.hibernate.tool.hbm2ddl.TableMetadata - HHH000261: Table found: subscriber_db.log
12:25:08,368 [main] INFO org.hibernate.tool.hbm2ddl.TableMetadata - HHH000037: Columns: [date, comment, id, id_user, type, user]
12:25:08,368 [main] INFO org.hibernate.tool.hbm2ddl.TableMetadata - HHH000108: Foreign keys: []
12:25:08,368 [main] INFO org.hibernate.tool.hbm2ddl.TableMetadata - HHH000126: Indexes: [primary]
12:25:08,462 [main] INFO org.hibernate.tool.hbm2ddl.TableMetadata - HHH000261: Table found: subscriber_db.phone
12:25:08,462 [main] INFO org.hibernate.tool.hbm2ddl.TableMetadata - HHH000037: Columns: [id_subscriber, number, adsl, security, scv, id, band]
12:25:08,462 [main] INFO org.hibernate.tool.hbm2ddl.TableMetadata - HHH000108: Foreign keys: [fk5]
12:25:08,462 [main] INFO org.hibernate.tool.hbm2ddl.TableMetadata - HHH000126: Indexes: [fk5_idx, primary]
12:25:08,478 [main] INFO org.hibernate.tool.hbm2ddl.TableMetadata - HHH000261: Table found: subscriber_db.subscriber
12:25:08,478 [main] INFO org.hibernate.tool.hbm2ddl.TableMetadata - HHH000037: Columns: [address, name, comment, id]
12:25:08,478 [main] INFO org.hibernate.tool.hbm2ddl.TableMetadata - HHH000108: Foreign keys: []
12:25:08,478 [main] INFO org.hibernate.tool.hbm2ddl.TableMetadata - HHH000126: Indexes: [primary]
12:25:08,509 [main] INFO org.hibernate.tool.hbm2ddl.TableMetadata - HHH000261: Table found: subscriber_db.user
12:25:08,509 [main] INFO org.hibernate.tool.hbm2ddl.TableMetadata - HHH000037: Columns: [password, errortext, name, id, loginflag, login, category, username]
12:25:08,509 [main] INFO org.hibernate.tool.hbm2ddl.TableMetadata - HHH000108: Foreign keys: []
12:25:08,509 [main] INFO org.hibernate.tool.hbm2ddl.TableMetadata - HHH000126: Indexes: [primary]
12:25:08,509 [main] INFO org.hibernate.tool.hbm2ddl.SchemaUpdate - HHH000232: Schema update complete
12:26:01,466 [main] INFO org.hibernate.annotations.common.Version - HCANN000001: Hibernate Commons Annotations {4.0.4.Final}
12:26:01,481 [main] INFO org.hibernate.Version - HHH000412: Hibernate Core {4.3.5.Final}
12:26:01,497 [main] INFO org.hibernate.cfg.Environment - HHH000205: Loaded properties from resource hibernate.properties: {jdbc.url=jdbc:mysql://localhost:3306/subscriber_db?zeroDateTimeBehavior=convertToNull, jdbc.username=root, hibernate.dialect=org.hibernate.dialect.MySQLDialect, hibernate.show_sql=false, hibernate.bytecode.use_reflection_optimizer=false, jdbc.password=123456, hibernate.hbm2ddl.auto=update, jdbc.driverClassName=com.mysql.jdbc.Driver}
12:26:01,497 [main] INFO org.hibernate.cfg.Environment - HHH000021: Bytecode provider name : javassist
12:26:02,683 [main] INFO org.hibernate.dialect.Dialect - HHH000400: Using dialect: org.hibernate.dialect.MySQLDialect
12:26:02,808 [main] INFO org.hibernate.engine.jdbc.internal.LobCreatorBuilder - HHH000424: Disabling contextual LOB creation as createClob() method threw error : java.lang.reflect.InvocationTargetException
12:26:03,151 [main] INFO org.hibernate.engine.transaction.internal.TransactionFactoryInitiator - HHH000399: Using default transaction strategy (direct JDBC transactions)
12:26:03,167 [main] INFO org.hibernate.hql.internal.ast.ASTQueryTranslatorFactory - HHH000397: Using ASTQueryTranslatorFactory
12:26:04,009 [main] INFO org.hibernate.tool.hbm2ddl.SchemaUpdate - HHH000228: Running hbm2ddl schema update
12:26:04,009 [main] INFO org.hibernate.tool.hbm2ddl.SchemaUpdate - HHH000102: Fetching database metadata
12:26:04,009 [main] INFO org.hibernate.tool.hbm2ddl.SchemaUpdate - HHH000396: Updating schema
12:26:04,072 [main] INFO org.hibernate.tool.hbm2ddl.TableMetadata - HHH000261: Table found: subscriber_db.log
12:26:04,072 [main] INFO org.hibernate.tool.hbm2ddl.TableMetadata - HHH000037: Columns: [date, comment, id, id_user, type, user]
12:26:04,072 [main] INFO org.hibernate.tool.hbm2ddl.TableMetadata - HHH000108: Foreign keys: []
12:26:04,072 [main] INFO org.hibernate.tool.hbm2ddl.TableMetadata - HHH000126: Indexes: [primary]
12:26:04,087 [main] INFO org.hibernate.tool.hbm2ddl.TableMetadata - HHH000261: Table found: subscriber_db.phone
12:26:04,087 [main] INFO org.hibernate.tool.hbm2ddl.TableMetadata - HHH000037: Columns: [id_subscriber, number, adsl, security, scv, id, band]
12:26:04,087 [main] INFO org.hibernate.tool.hbm2ddl.TableMetadata - HHH000108: Foreign keys: [fk5]
12:26:04,087 [main] INFO org.hibernate.tool.hbm2ddl.TableMetadata - HHH000126: Indexes: [fk5_idx, primary]
12:26:04,103 [main] INFO org.hibernate.tool.hbm2ddl.TableMetadata - HHH000261: Table found: subscriber_db.subscriber
12:26:04,103 [main] INFO org.hibernate.tool.hbm2ddl.TableMetadata - HHH000037: Columns: [address, name, comment, id]
12:26:04,103 [main] INFO org.hibernate.tool.hbm2ddl.TableMetadata - HHH000108: Foreign keys: []
12:26:04,103 [main] INFO org.hibernate.tool.hbm2ddl.TableMetadata - HHH000126: Indexes: [primary]
12:26:04,134 [main] INFO org.hibernate.tool.hbm2ddl.TableMetadata - HHH000261: Table found: subscriber_db.user
12:26:04,134 [main] INFO org.hibernate.tool.hbm2ddl.TableMetadata - HHH000037: Columns: [password, errortext, name, id, loginflag, login, category, username]
12:26:04,134 [main] INFO org.hibernate.tool.hbm2ddl.TableMetadata - HHH000108: Foreign keys: []
12:26:04,134 [main] INFO org.hibernate.tool.hbm2ddl.TableMetadata - HHH000126: Indexes: [primary]
12:26:04,134 [main] INFO org.hibernate.tool.hbm2ddl.SchemaUpdate - HHH000232: Schema update complete
12:59:29,898 [main] INFO org.hibernate.annotations.common.Version - HCANN000001: Hibernate Commons Annotations {4.0.4.Final}
12:59:29,956 [main] INFO org.hibernate.Version - HHH000412: Hibernate Core {4.3.5.Final}
12:59:29,965 [main] INFO org.hibernate.cfg.Environment - HHH000205: Loaded properties from resource hibernate.properties: {jdbc.url=jdbc:mysql://localhost:3306/subscriber_db?zeroDateTimeBehavior=convertToNull, jdbc.username=root, hibernate.dialect=org.hibernate.dialect.MySQLDialect, hibernate.show_sql=false, hibernate.bytecode.use_reflection_optimizer=false, jdbc.password=123456, hibernate.hbm2ddl.auto=update, jdbc.driverClassName=com.mysql.jdbc.Driver}
12:59:29,966 [main] INFO org.hibernate.cfg.Environment - HHH000021: Bytecode provider name : javassist
12:59:32,696 [main] INFO org.hibernate.dialect.Dialect - HHH000400: Using dialect: org.hibernate.dialect.MySQLDialect
12:59:32,792 [main] INFO org.hibernate.engine.jdbc.internal.LobCreatorBuilder - HHH000424: Disabling contextual LOB creation as createClob() method threw error : java.lang.reflect.InvocationTargetException
12:59:33,844 [main] INFO org.hibernate.engine.transaction.internal.TransactionFactoryInitiator - HHH000399: Using default transaction strategy (direct JDBC transactions)
12:59:33,913 [main] INFO org.hibernate.hql.internal.ast.ASTQueryTranslatorFactory - HHH000397: Using ASTQueryTranslatorFactory
12:59:35,523 [main] INFO org.hibernate.tool.hbm2ddl.SchemaUpdate - HHH000228: Running hbm2ddl schema update
12:59:35,523 [main] INFO org.hibernate.tool.hbm2ddl.SchemaUpdate - HHH000102: Fetching database metadata
12:59:35,532 [main] INFO org.hibernate.tool.hbm2ddl.SchemaUpdate - HHH000396: Updating schema
12:59:35,612 [main] INFO org.hibernate.tool.hbm2ddl.TableMetadata - HHH000261: Table found: subscriber_db.log
12:59:35,612 [main] INFO org.hibernate.tool.hbm2ddl.TableMetadata - HHH000037: Columns: [date, comment, id, id_user, type, user]
12:59:35,612 [main] INFO org.hibernate.tool.hbm2ddl.TableMetadata - HHH000108: Foreign keys: []
12:59:35,612 [main] INFO org.hibernate.tool.hbm2ddl.TableMetadata - HHH000126: Indexes: [primary]
12:59:35,631 [main] INFO org.hibernate.tool.hbm2ddl.TableMetadata - HHH000261: Table found: subscriber_db.phone
12:59:35,631 [main] INFO org.hibernate.tool.hbm2ddl.TableMetadata - HHH000037: Columns: [id_subscriber, number, adsl, security, scv, id, band]
12:59:35,631 [main] INFO org.hibernate.tool.hbm2ddl.TableMetadata - HHH000108: Foreign keys: [fk5]
12:59:35,631 [main] INFO org.hibernate.tool.hbm2ddl.TableMetadata - HHH000126: Indexes: [fk5_idx, primary]
12:59:35,645 [main] INFO org.hibernate.tool.hbm2ddl.TableMetadata - HHH000261: Table found: subscriber_db.subscriber
12:59:35,645 [main] INFO org.hibernate.tool.hbm2ddl.TableMetadata - HHH000037: Columns: [address, name, comment, id]
12:59:35,645 [main] INFO org.hibernate.tool.hbm2ddl.TableMetadata - HHH000108: Foreign keys: []
12:59:35,645 [main] INFO org.hibernate.tool.hbm2ddl.TableMetadata - HHH000126: Indexes: [primary]
12:59:35,678 [main] INFO org.hibernate.tool.hbm2ddl.TableMetadata - HHH000261: Table found: subscriber_db.user
12:59:35,678 [main] INFO org.hibernate.tool.hbm2ddl.TableMetadata - HHH000037: Columns: [password, errortext, name, id, loginflag, login, category, username]
12:59:35,678 [main] INFO org.hibernate.tool.hbm2ddl.TableMetadata - HHH000108: Foreign keys: []
12:59:35,679 [main] INFO org.hibernate.tool.hbm2ddl.TableMetadata - HHH000126: Indexes: [primary]
12:59:35,680 [main] INFO org.hibernate.tool.hbm2ddl.SchemaUpdate - HHH000232: Schema update complete
13:26:02,679 [main] INFO org.hibernate.annotations.common.Version - HCANN000001: Hibernate Commons Annotations {4.0.4.Final}
13:26:02,725 [main] INFO org.hibernate.Version - HHH000412: Hibernate Core {4.3.5.Final}
13:26:02,725 [main] INFO org.hibernate.cfg.Environment - HHH000205: Loaded properties from resource hibernate.properties: {jdbc.url=jdbc:mysql://localhost:3306/subscriber_db?zeroDateTimeBehavior=convertToNull, jdbc.username=root, hibernate.dialect=org.hibernate.dialect.MySQLDialect, hibernate.show_sql=false, hibernate.bytecode.use_reflection_optimizer=false, jdbc.password=123456, hibernate.hbm2ddl.auto=update, jdbc.driverClassName=com.mysql.jdbc.Driver}
13:26:02,725 [main] INFO org.hibernate.cfg.Environment - HHH000021: Bytecode provider name : javassist
13:26:05,278 [main] INFO org.hibernate.dialect.Dialect - HHH000400: Using dialect: org.hibernate.dialect.HSQLDialect
13:26:05,325 [main] INFO org.hibernate.engine.jdbc.internal.LobCreatorBuilder - HHH000424: Disabling contextual LOB creation as createClob() method threw error : java.lang.reflect.InvocationTargetException
13:26:05,745 [main] INFO org.hibernate.engine.transaction.internal.TransactionFactoryInitiator - HHH000399: Using default transaction strategy (direct JDBC transactions)
13:26:05,761 [main] INFO org.hibernate.hql.internal.ast.ASTQueryTranslatorFactory - HHH000397: Using ASTQueryTranslatorFactory
13:26:06,804 [main] INFO org.hibernate.tool.hbm2ddl.SchemaExport - HHH000227: Running hbm2ddl schema export
13:26:06,850 [main] ERROR org.hibernate.tool.hbm2ddl.SchemaExport - HHH000389: Unsuccessful: alter table Phone drop constraint FK_a9vq655bcqx4vqoikjvlc15o5
13:26:06,850 [main] ERROR org.hibernate.tool.hbm2ddl.SchemaExport - user lacks privilege or object not found: PUBLIC.PHONE
13:26:06,850 [main] INFO org.hibernate.tool.hbm2ddl.SchemaExport - HHH000230: Schema export complete
13:26:11,972 [Thread-5] INFO org.hibernate.tool.hbm2ddl.SchemaExport - HHH000227: Running hbm2ddl schema export
13:26:11,972 [Thread-5] INFO org.hibernate.tool.hbm2ddl.SchemaExport - HHH000230: Schema export complete
13:30:36,114 [main] INFO org.hibernate.annotations.common.Version - HCANN000001: Hibernate Commons Annotations {4.0.4.Final}
13:30:36,145 [main] INFO org.hibernate.Version - HHH000412: Hibernate Core {4.3.5.Final}
13:30:36,161 [main] INFO org.hibernate.cfg.Environment - HHH000205: Loaded properties from resource hibernate.properties: {jdbc.url=jdbc:mysql://localhost:3306/subscriber_db?zeroDateTimeBehavior=convertToNull, jdbc.username=root, hibernate.dialect=org.hibernate.dialect.MySQLDialect, hibernate.show_sql=false, hibernate.bytecode.use_reflection_optimizer=false, jdbc.password=123456, hibernate.hbm2ddl.auto=update, jdbc.driverClassName=com.mysql.jdbc.Driver}
13:30:36,161 [main] INFO org.hibernate.cfg.Environment - HHH000021: Bytecode provider name : javassist
13:30:38,696 [main] INFO org.hibernate.dialect.Dialect - HHH000400: Using dialect: org.hibernate.dialect.HSQLDialect
13:30:38,727 [main] INFO org.hibernate.engine.jdbc.internal.LobCreatorBuilder - HHH000424: Disabling contextual LOB creation as createClob() method threw error : java.lang.reflect.InvocationTargetException
13:30:39,350 [main] INFO org.hibernate.engine.transaction.internal.TransactionFactoryInitiator - HHH000399: Using default transaction strategy (direct JDBC transactions)
13:30:39,366 [main] INFO org.hibernate.hql.internal.ast.ASTQueryTranslatorFactory - HHH000397: Using ASTQueryTranslatorFactory
13:30:40,754 [main] INFO org.hibernate.tool.hbm2ddl.SchemaExport - HHH000227: Running hbm2ddl schema export
13:30:40,848 [main] ERROR org.hibernate.tool.hbm2ddl.SchemaExport - HHH000389: Unsuccessful: alter table Phone drop constraint FK_a9vq655bcqx4vqoikjvlc15o5
13:30:40,848 [main] ERROR org.hibernate.tool.hbm2ddl.SchemaExport - user lacks privilege or object not found: PUBLIC.PHONE
13:30:40,864 [main] INFO org.hibernate.tool.hbm2ddl.SchemaExport - HHH000230: Schema export complete
13:30:45,909 [Thread-5] INFO org.hibernate.tool.hbm2ddl.SchemaExport - HHH000227: Running hbm2ddl schema export
13:30:45,909 [Thread-5] INFO org.hibernate.tool.hbm2ddl.SchemaExport - HHH000230: Schema export complete
16:16:27,188 [main] INFO org.hibernate.annotations.common.Version - HCANN000001: Hibernate Commons Annotations {4.0.4.Final}
16:16:27,235 [main] INFO org.hibernate.Version - HHH000412: Hibernate Core {4.3.5.Final}
16:16:27,251 [main] INFO org.hibernate.cfg.Environment - HHH000205: Loaded properties from resource hibernate.properties: {jdbc.url=jdbc:mysql://localhost:3306/subscriber_db?zeroDateTimeBehavior=convertToNull, jdbc.username=root, hibernate.dialect=org.hibernate.dialect.MySQLDialect, hibernate.show_sql=false, hibernate.bytecode.use_reflection_optimizer=false, jdbc.password=123456, hibernate.hbm2ddl.auto=update, jdbc.driverClassName=com.mysql.jdbc.Driver}
16:16:27,251 [main] INFO org.hibernate.cfg.Environment - HHH000021: Bytecode provider name : javassist
16:16:29,994 [main] INFO org.hibernate.dialect.Dialect - HHH000400: Using dialect: org.hibernate.dialect.HSQLDialect
16:16:30,072 [main] INFO org.hibernate.engine.jdbc.internal.LobCreatorBuilder - HHH000424: Disabling contextual LOB creation as createClob() method threw error : java.lang.reflect.InvocationTargetException
16:16:30,695 [main] INFO org.hibernate.engine.transaction.internal.TransactionFactoryInitiator - HHH000399: Using default transaction strategy (direct JDBC transactions)
16:16:30,726 [main] INFO org.hibernate.hql.internal.ast.ASTQueryTranslatorFactory - HHH000397: Using ASTQueryTranslatorFactory
16:16:31,771 [main] INFO org.hibernate.tool.hbm2ddl.SchemaExport - HHH000227: Running hbm2ddl schema export
16:16:31,865 [main] ERROR org.hibernate.tool.hbm2ddl.SchemaExport - HHH000389: Unsuccessful: alter table Phone drop constraint FK_a9vq655bcqx4vqoikjvlc15o5
16:16:31,865 [main] ERROR org.hibernate.tool.hbm2ddl.SchemaExport - user lacks privilege or object not found: PUBLIC.PHONE
16:16:31,881 [main] INFO org.hibernate.tool.hbm2ddl.SchemaExport - HHH000230: Schema export complete
16:16:36,043 [Thread-5] INFO org.hibernate.tool.hbm2ddl.SchemaExport - HHH000227: Running hbm2ddl schema export
16:16:36,043 [Thread-5] INFO org.hibernate.tool.hbm2ddl.SchemaExport - HHH000230: Schema export complete
16:17:50,182 [main] INFO org.hibernate.annotations.common.Version - HCANN000001: Hibernate Commons Annotations {4.0.4.Final}
16:17:50,198 [main] INFO org.hibernate.Version - HHH000412: Hibernate Core {4.3.5.Final}
16:17:50,198 [main] INFO org.hibernate.cfg.Environment - HHH000205: Loaded properties from resource hibernate.properties: {jdbc.url=jdbc:mysql://localhost:3306/subscriber_db?zeroDateTimeBehavior=convertToNull, jdbc.username=root, hibernate.dialect=org.hibernate.dialect.MySQLDialect, hibernate.show_sql=false, hibernate.bytecode.use_reflection_optimizer=false, jdbc.password=123456, hibernate.hbm2ddl.auto=update, jdbc.driverClassName=com.mysql.jdbc.Driver}
16:17:50,213 [main] INFO org.hibernate.cfg.Environment - HHH000021: Bytecode provider name : javassist
16:17:51,601 [main] INFO org.hibernate.dialect.Dialect - HHH000400: Using dialect: org.hibernate.dialect.HSQLDialect
16:17:51,632 [main] INFO org.hibernate.engine.jdbc.internal.LobCreatorBuilder - HHH000424: Disabling contextual LOB creation as createClob() method threw error : java.lang.reflect.InvocationTargetException
16:17:51,975 [main] INFO org.hibernate.engine.transaction.internal.TransactionFactoryInitiator - HHH000399: Using default transaction strategy (direct JDBC transactions)
16:17:51,990 [main] INFO org.hibernate.hql.internal.ast.ASTQueryTranslatorFactory - HHH000397: Using ASTQueryTranslatorFactory
16:17:52,707 [main] INFO org.hibernate.tool.hbm2ddl.SchemaExport - HHH000227: Running hbm2ddl schema export
16:17:52,755 [main] ERROR org.hibernate.tool.hbm2ddl.SchemaExport - HHH000389: Unsuccessful: alter table Phone drop constraint FK_a9vq655bcqx4vqoikjvlc15o5
16:17:52,755 [main] ERROR org.hibernate.tool.hbm2ddl.SchemaExport - user lacks privilege or object not found: PUBLIC.PHONE
16:17:52,755 [main] INFO org.hibernate.tool.hbm2ddl.SchemaExport - HHH000230: Schema export complete
16:17:55,858 [Thread-5] INFO org.hibernate.tool.hbm2ddl.SchemaExport - HHH000227: Running hbm2ddl schema export
16:17:55,858 [Thread-5] INFO org.hibernate.tool.hbm2ddl.SchemaExport - HHH000230: Schema export complete
16:21:46,937 [main] INFO org.hibernate.annotations.common.Version - HCANN000001: Hibernate Commons Annotations {4.0.4.Final}
16:21:46,952 [main] INFO org.hibernate.Version - HHH000412: Hibernate Core {4.3.5.Final}
16:21:46,952 [main] INFO org.hibernate.cfg.Environment - HHH000205: Loaded properties from resource hibernate.properties: {jdbc.url=jdbc:mysql://localhost:3306/subscriber_db?zeroDateTimeBehavior=convertToNull, jdbc.username=root, hibernate.dialect=org.hibernate.dialect.MySQLDialect, hibernate.show_sql=false, hibernate.bytecode.use_reflection_optimizer=false, jdbc.password=123456, hibernate.hbm2ddl.auto=update, jdbc.driverClassName=com.mysql.jdbc.Driver}
16:21:46,952 [main] INFO org.hibernate.cfg.Environment - HHH000021: Bytecode provider name : javassist
16:21:48,386 [main] INFO org.hibernate.dialect.Dialect - HHH000400: Using dialect: org.hibernate.dialect.HSQLDialect
16:21:48,433 [main] INFO org.hibernate.engine.jdbc.internal.LobCreatorBuilder - HHH000424: Disabling contextual LOB creation as createClob() method threw error : java.lang.reflect.InvocationTargetException
16:21:48,854 [main] INFO org.hibernate.engine.transaction.internal.TransactionFactoryInitiator - HHH000399: Using default transaction strategy (direct JDBC transactions)
16:21:48,869 [main] INFO org.hibernate.hql.internal.ast.ASTQueryTranslatorFactory - HHH000397: Using ASTQueryTranslatorFactory
16:21:49,555 [main] INFO org.hibernate.tool.hbm2ddl.SchemaExport - HHH000227: Running hbm2ddl schema export
16:21:49,619 [main] ERROR org.hibernate.tool.hbm2ddl.SchemaExport - HHH000389: Unsuccessful: alter table Phone drop constraint FK_a9vq655bcqx4vqoikjvlc15o5
16:21:49,619 [main] ERROR org.hibernate.tool.hbm2ddl.SchemaExport - user lacks privilege or object not found: PUBLIC.PHONE
16:21:49,619 [main] INFO org.hibernate.tool.hbm2ddl.SchemaExport - HHH000230: Schema export complete
16:21:54,493 [Thread-5] INFO org.hibernate.tool.hbm2ddl.SchemaExport - HHH000227: Running hbm2ddl schema export
16:21:54,509 [Thread-5] INFO org.hibernate.tool.hbm2ddl.SchemaExport - HHH000230: Schema export complete
